"../../../Engine/Content/Functions/Engine_MaterialFunctions01/Opacity/CameraDepthFade.uasset" 0
"../../../Engine/Content/EngineMaterials/T_Default_Material_Grid_M.uasset" 1
"../../../Engine/Content/EngineMaterials/T_Default_Material_Grid_N.uasset" 2
"../../../Engine/Content/EngineMaterials/DefaultMaterial.uasset" 3
"../../../Engine/Content/EngineMaterials/DefaultDiffuse.uasset" 4
"../../../Engine/Content/EngineMaterials/DefaultNormal.uasset" 5
"../../../Engine/Content/Maps/Entry.umap" 6
"../../../Engine/Content/EditorBlueprintResources/StandardMacros.uasset" 7
"../../../SideScroller/Content/2DSideScroller/Textures/kennen.uasset" 8
"../../../SideScroller/Content/2DSideScroller/Sprites/KennenJumpFrames/KennenJumpCycle2.uasset" 9
"../../../SideScroller/Content/2DSideScroller/Sprites/KennenJumpFrames/KennenJumpCycle3.uasset" 10
"../../../SideScroller/Content/2DSideScroller/Sprites/KennenFallAnimation.uasset" 11
"../../../SideScroller/Content/2DSideScroller/Sprites/KennenIdleFrames/KennenIdleCycle1.uasset" 12
"../../../SideScroller/Content/2DSideScroller/Sprites/KennenIdleFrames/KennenIdleCycle2.uasset" 13
"../../../SideScroller/Content/2DSideScroller/Sprites/KennenIdleFrames/KennenIdleCycle3.uasset" 14
"../../../SideScroller/Content/2DSideScroller/Sprites/KennenIdleFrames/KennenIdleCycle4.uasset" 15
"../../../SideScroller/Content/2DSideScroller/Sprites/KennenIdleFrames/KennenIdleCycle5.uasset" 16
"../../../SideScroller/Content/2DSideScroller/Sprites/KennenIdleFrames/KennenIdleCycle6.uasset" 17
"../../../SideScroller/Content/2DSideScroller/Sprites/KennenIdleFrames/KennenIdleCycle7.uasset" 18
"../../../SideScroller/Content/2DSideScroller/Sprites/KennenIdleAnimation.uasset" 19
"../../../SideScroller/Content/2DSideScroller/Sprites/KennenJumpFrames/KennenJumpCycle1.uasset" 20
"../../../SideScroller/Content/2DSideScroller/Sprites/KennenJumpAnimation.uasset" 21
"../../../SideScroller/Content/2DSideScroller/Sprites/KennenRunFrames/KennenRunCycle1.uasset" 22
"../../../SideScroller/Content/2DSideScroller/Sprites/KennenRunFrames/KennenRunCycle10.uasset" 23
"../../../SideScroller/Content/2DSideScroller/Sprites/KennenRunFrames/KennenRunCycle11.uasset" 24
"../../../SideScroller/Content/2DSideScroller/Sprites/KennenRunFrames/KennenRunCycle12.uasset" 25
"../../../SideScroller/Content/2DSideScroller/Sprites/KennenRunFrames/KennenRunCycle2.uasset" 26
"../../../SideScroller/Content/2DSideScroller/Sprites/KennenRunFrames/KennenRunCycle3.uasset" 27
"../../../SideScroller/Content/2DSideScroller/Sprites/KennenRunFrames/KennenRunCycle4.uasset" 28
"../../../SideScroller/Content/2DSideScroller/Sprites/KennenRunFrames/KennenRunCycle5.uasset" 29
"../../../SideScroller/Content/2DSideScroller/Sprites/KennenRunFrames/KennenRunCycle6.uasset" 30
"../../../SideScroller/Content/2DSideScroller/Sprites/KennenRunFrames/KennenRunCycle7.uasset" 31
"../../../SideScroller/Content/2DSideScroller/Sprites/KennenRunFrames/KennenRunCycle8.uasset" 32
"../../../SideScroller/Content/2DSideScroller/Sprites/KennenRunFrames/KennenRunCycle9.uasset" 33
"../../../SideScroller/Content/2DSideScroller/Sprites/KennenRunAnimation.uasset" 34
"../../../SideScroller/Content/2DSideScroller/Sprites/KennenStandardAttackFrames/KennenStandardAttackCycle1.uasset" 35
"../../../SideScroller/Content/2DSideScroller/Sprites/KennenStandardAttackFrames/KennenStandardAttackCycle2.uasset" 36
"../../../SideScroller/Content/2DSideScroller/Sprites/KennenStandardAttackFrames/KennenStandardAttackCycle3.uasset" 37
"../../../SideScroller/Content/2DSideScroller/Sprites/KennenStandardAttackFrames/KennenStandardAttackCycle4.uasset" 38
"../../../SideScroller/Content/2DSideScroller/Sprites/KennenStandardAttackFrames/KennenStandardAttackCycle5.uasset" 39
"../../../SideScroller/Content/2DSideScroller/Sprites/KennenStandardAttackFrames/KennenStandardAttackCycle6.uasset" 40
"../../../SideScroller/Content/2DSideScroller/Sprites/KennenStandardAttackFrames/KennenStandardAttackCycle7.uasset" 41
"../../../SideScroller/Content/2DSideScroller/Sprites/KennenStandardAttackFrames/KennenStandardAttackCycle8.uasset" 42
"../../../SideScroller/Content/2DSideScroller/Sprites/KennenStandardAttackAnimation.uasset" 43
"../../../SideScroller/Content/2DSideScrollerBP/Blueprints/Kennen.uasset" 44
"../../../SideScroller/Content/2DSideScrollerBP/Blueprints/2DSideScrollerGameMode.uasset" 45
"../../../SideScroller/Content/2DSideScrollerBP/Blueprints/ParallaxPaperSpriteActor.uasset" 46
"../../../SideScroller/Content/2DSideScrollerBP/Blueprints/RoflCameraActor.uasset" 47
"../../../Engine/Plugins/2D/Paper2D/Content/PlaceholderTextures/DummySpriteTexture.uasset" 48
"../../../Engine/Plugins/2D/Paper2D/Content/DefaultSpriteMaterial.uasset" 49
"../../../Engine/Plugins/2D/Paper2D/Content/OpaqueUnlitSpriteMaterial.uasset" 50
"../../../SideScroller/Content/2dSideScroller/Textures/2DBackground.uasset" 51
"../../../SideScroller/Content/2DSideScroller/Sprites/Background_Sprite.uasset" 52
"../../../SideScroller/Content/2DSideScroller/Textures/grass1.uasset" 53
"../../../SideScroller/Content/2DSideScroller/Sprites/Grass1.uasset" 54
"../../../SideScroller/Content/2DSideScroller/Textures/grass2.uasset" 55
"../../../SideScroller/Content/2DSideScroller/Sprites/Grass2.uasset" 56
"../../../SideScroller/Content/2DSideScroller/Textures/grass3.uasset" 57
"../../../SideScroller/Content/2DSideScroller/Sprites/Grass3.uasset" 58
"../../../SideScroller/Content/2DSideScroller/Textures/grass4.uasset" 59
"../../../SideScroller/Content/2DSideScroller/Sprites/Grass4.uasset" 60
"../../../SideScroller/Content/2DSideScroller/Textures/grass5.uasset" 61
"../../../SideScroller/Content/2DSideScroller/Sprites/Grass5.uasset" 62
"../../../SideScroller/Content/2DSideScroller/Textures/grass6.uasset" 63
"../../../SideScroller/Content/2DSideScroller/Sprites/Grass6.uasset" 64
"../../../SideScroller/Content/2DSideScroller/Textures/platform.uasset" 65
"../../../SideScroller/Content/2DSideScroller/Sprites/Platform.uasset" 66
"../../../SideScroller/Content/2DSideScrollerBP/Maps/PlagueJungles.umap" 67
"../../../Engine/Content/EngineFonts/Roboto.uasset" 68
"../../../Engine/Content/Functions/Engine_MaterialFunctions01/Shading/PowerToRoughness.uasset" 69
"../../../Engine/Content/Functions/Engine_MaterialFunctions01/Shading/ConvertFromDiffSpec.uasset" 70
"../../../Engine/Content/EngineMaterials/DefaultDeferredDecalMaterial.uasset" 71
"../../../Engine/Content/EngineMaterials/DefaultLightFunctionMaterial.uasset" 72
"../../../Engine/Content/Functions/Engine_MaterialFunctions02/Utility/BreakOutFloat2Components.uasset" 73
"../../../Engine/Content/EngineMaterials/DefaultPostProcessMaterial.uasset" 74
"../../../Engine/Content/EngineResources/DefaultTexture.uasset" 75
"../../../Engine/Content/Functions/Engine_MaterialFunctions02/Texturing/ScreenAlignedUVs.uasset" 76
"../../../Engine/Content/EngineResources/WhiteSquareTexture.uasset" 77
"../../../Engine/Content/EngineMaterials/Widget3DPassThrough.uasset" 78
"../../../Engine/Content/EngineMaterials/Widget3DPassThrough_Translucent.uasset" 79
"../../../Engine/Content/EngineMaterials/Widget3DPassThrough_Translucent_OneSided.uasset" 80
"../../../Engine/Content/EngineMaterials/Widget3DPassThrough_Opaque.uasset" 81
"../../../Engine/Content/EngineMaterials/Widget3DPassThrough_Opaque_OneSided.uasset" 82
"../../../Engine/Content/EngineMaterials/Widget3DPassThrough_Masked.uasset" 83
"../../../Engine/Content/EngineMaterials/Widget3DPassThrough_Masked_OneSided.uasset" 84
"../../../Engine/Content/EditorResources/S_Actor.uasset" 85
"../../../Engine/Content/Maps/Templates/Thumbnails/Default.uasset" 86
"../../../Engine/Content/EditorMaterials/ParticleSystems/PSysThumbnail_NoImage.uasset" 87
"../../../Engine/Content/EditorMaterials/ParticleSystems/PSysThumbnail_OOD.uasset" 88
"../../../Engine/Content/EditorLandscapeResources/DataLayer.uasset" 89
"../../../Engine/Content/EngineDamageTypes/DmgTypeBP_Environmental.uasset" 90
"../../../Engine/Content/EngineMeshes/Sphere.uasset" 91
"../../../Engine/Content/EngineFonts/RobotoDistanceField.uasset" 92
"../../../Engine/Content/EngineMaterials/DefaultTextMaterialOpaque.uasset" 93
"../../../Engine/Content/EditorResources/S_Trigger.uasset" 94
"../../../Engine/Content/EngineResources/GradientTexture0.uasset" 95
"../../../Engine/Content/EngineResources/Black.uasset" 96
"../../../Engine/Content/EditorMaterials/MatineeGroups/MAT_Groups_Float.uasset" 97
"../../../Engine/Content/EditorMaterials/MatineeGroups/MAT_Groups_Director.uasset" 98
"../../../Engine/Content/EditorMaterials/MatineeGroups/MAT_Groups_Event.uasset" 99
"../../../Engine/Content/EditorMaterials/MatineeGroups/MAT_Groups_Anim.uasset" 100
"../../../Engine/Content/EditorMaterials/MatineeGroups/MAT_Groups_Fade.uasset" 101
"../../../Engine/Content/EditorMaterials/MatineeGroups/MAT_Groups_Move.uasset" 102
"../../../Engine/Content/EditorMaterials/MatineeGroups/MAT_Groups_Slomo.uasset" 103
"../../../Engine/Content/EditorMaterials/MatineeGroups/MAT_ColorTrack.uasset" 104
"../../../Engine/Content/EditorMaterials/MAT_Groups_Toggle.uasset" 105
"../../../Engine/Content/EditorMaterials/MatineeGroups/MAT_Groups_AudioMaster.uasset" 106
"../../../Engine/Content/EditorMaterials/MatineeGroups/MAT_Groups_Sound.uasset" 107
"../../../Engine/Content/EditorMaterials/MatineeGroups/MAT_Groups_Vector.uasset" 108
"../../../Engine/Content/EditorMaterials/MAT_Groups_Visibility.uasset" 109
"../../../Engine/Content/EngineResources/DefaultTextureCube.uasset" 110
"../../../Engine/Content/EngineMeshes/Cylinder.uasset" 111
"../../../Engine/Content/EngineTireTypes/DefaultTireType.uasset" 112
"../../../Engine/Content/EngineResources/AICON-Red.uasset" 113
"../../../Engine/Content/EngineResources/AICON-Green.uasset" 114
"../../../Engine/Content/Tutorial/Basics/TutorialAssets/icon_tab_Levels_40x.uasset" 115
"../../../Engine/Content/Tutorial/Basics/LevelEditorOverview.uasset" 116
"../../../Engine/Content/Tutorial/Paper2D/TutorialAssets/Paper2DSprite_TutorialIcon.uasset" 117
"../../../Engine/Content/Tutorial/Paper2D/SpriteEditorTutorial.uasset" 118
"../../../Engine/Content/Tutorial/BlueprintTutorials/TutorialAssets/Blueprint_64x.uasset" 119
"../../../Engine/Content/Tutorial/BlueprintTutorials/BlueprintEditorTutorial.uasset" 120
"../../../Engine/Content/Tutorial/Basics/LevelEditorAttract.uasset" 121
"../../../Engine/Content/Tutorial/Code/AddingCode.uasset" 122
"../../../Engine/Content/Tutorial/Paper2D/TutorialAssets/Paper2DFlipbook_TutorialIcon.uasset" 123
"../../../Engine/Content/Tutorial/Paper2D/FlipbookEditorTutorial.uasset" 124
"../../../Engine/Content/Tutorial/Basics/ContentBrowserOverview.uasset" 125
"../../../Engine/Content/Tutorial/SubEditors/TutorialAssets/TutorialMaterial.uasset" 126
"../../../Engine/Content/Tutorial/SubEditors/MaterialEditorTutorial.uasset" 127
"../../../Engine/Content/EditorBlueprintResources/ActorMacros.uasset" 128
"../../../Engine/Content/Tutorial/BlueprintTutorials/TutorialAssets/Tutorial_BP_Class.uasset" 129
"../../../Engine/Content/Tutorial/BlueprintTutorials/ClassBlueprintsEditorOverview.uasset" 130
"../../../Engine/Content/Tutorial/BlueprintTutorials/LevelBlueprintEditorOverview.uasset" 131
"../../../Engine/Content/Tutorial/SubEditors/TutorialAssets/T_SmokeSubUV_8X8.uasset" 132
"../../../Engine/Content/Tutorial/SubEditors/TutorialAssets/T_soft_smoke.uasset" 133
"../../../Engine/Content/Tutorial/SubEditors/TutorialAssets/M_smoke_subUV_blackbody.uasset" 134
"../../../Engine/Content/Tutorial/SubEditors/TutorialAssets/TutorialParticleSystem.uasset" 135
"../../../Engine/Content/Tutorial/SubEditors/ParticleSystemEditorTutorial.uasset" 136
"../../../Engine/Content/Tutorial/ContentIntroCurve.uasset" 137
"../../../Engine/Plugins/2D/Paper2D/Content/MaskedUnlitSpriteMaterial.uasset" 138
"../../../Engine/Plugins/2D/Paper2D/Content/DummySpriteTexture.uasset" 139
"../../../Engine/Plugins/2D/Paper2D/Content/DummySprite.uasset" 140
"../../../Engine/Plugins/2D/Paper2D/Content/DefaultPaperTerrainMaterial.uasset" 141
"../../../Engine/Plugins/Runtime/LeapMotionController/Content/LM_CapsuleMesh.uasset" 142
"../../../Engine/Plugins/Runtime/LeapMotionController/Content/LM_TorusMesh.uasset" 143
"../../../Engine/Plugins/Runtime/LeapMotionController/Content/LM_HandColor.uasset" 144
"../../../Engine/Plugins/Runtime/LeapMotionController/Content/LM_SampleDistortion.uasset" 145
"../../../Engine/Plugins/Runtime/LeapMotionController/Content/LM_TestTexture.uasset" 146
"../../../Engine/Plugins/Runtime/LeapMotionController/Content/LM_PassthroughMaterial.uasset" 147
"../../../Engine/Content/EngineMaterials/WorldGridMaterial.uasset" 148
"../../../Engine/Content/BasicShapes/Cube.uasset" 149
"../../../Engine/Content/EngineMaterials/RemoveSurfaceMaterial.uasset" 150
"../../../Engine/Content/EngineDebugMaterials/DebugMeshMaterial.uasset" 151
"../../../Engine/Content/EngineMaterials/InvalidLightmapSettings.uasset" 152
"../../../Engine/Content/EngineMaterials/M_InvalidLightmapSettings.uasset" 153
"../../../Engine/Content/EditorMaterials/GizmoMaterial.uasset" 154
"../../../Engine/Content/EngineMaterials/Good64x64TilingNoiseHighFreq.uasset" 155
"../../../Engine/Content/EngineMaterials/DefaultBokeh.uasset" 156
"../../../Engine/Content/EngineMaterials/PreintegratedSkinBRDF.uasset" 157
"../../../Engine/Content/EngineMaterials/MiniFont.uasset" 158
"../../../Engine/Content/EngineMaterials/WeightMapPlaceholderTexture.uasset" 159
"../../../Engine/Content/EngineMaterials/DefaultWhiteGrid.uasset" 160
"../../../Engine/Content/EngineMaterials/DefaultPhysicalMaterial.uasset" 161
"../../../Engine/Content/EngineFonts/RobotoTiny.uasset" 162
"../../../Engine/Content/MobileResources/HUD/MobileHUDButtonFire.uasset" 163
"../../../Engine/Content/MobileResources/T_MobileControls_texture.uasset" 164
"../../../Engine/Content/MobileResources/HUD/VirtualJoystick_Background.uasset" 165
"../../../Engine/Content/MobileResources/HUD/VirtualJoystick_Thumb.uasset" 166
"../../../Engine/Content/MobileResources/HUD/LeftVirtualJoystickOnly.uasset" 167
"../../../Engine/Content/MobileResources/HUD/DefaultVirtualJoysticks.uasset" 168
"../../../Engine/Content/MobileResources/HUD/AnalogHat.uasset" 169
"../../../Engine/Content/MobileResources/HUD/MobileHUDButton1_on.uasset" 170
"../../../Engine/Content/MobileResources/HUD/T_Castle_ThumbstickOutter.uasset" 171
"../../../Engine/Content/MobileResources/HUD/MobileHUDButton3.uasset" 172
"../../../Engine/Content/MobileResources/HUD/MobileHUDButton1_off.uasset" 173
"../../../Engine/Content/MobileResources/HUD/MobileHUDDirectionPad3.uasset" 174
"../../../Engine/Content/MobileResources/T_MobileMenu2.uasset" 175
"../../../Engine/Content/MobileResources/HUD/MobileHUDDirectionPad.uasset" 176
"../../../Engine/Content/MobileResources/HUD/MobileHUDDirectionStick.uasset" 177
"../../../Engine/Content/MobileResources/HUD/T_Castle_ThumbstickInner.uasset" 178
"../../../Engine/Content/MobileResources/HUD/MobileHUDDirectionPad2.uasset" 179
"../../../Engine/Content/MobileResources/HUD/MobileHUDButton2_off.uasset" 180
"../../../Engine/Content/MobileResources/HUD/MobileHUDButton2_on.uasset" 181
"../../../Engine/Content/EditorMaterials/PhAT_JointLimitMaterial.uasset" 182
"../../../Engine/Content/EditorMaterials/PreviewShadowIndicator.uasset" 183
"../../../Engine/Content/EditorMaterials/PreviewShadowIndicatorMaterial.uasset" 184
"../../../Engine/Content/EditorMeshes/ColorCalibrator/M_ChromeBall.uasset" 185
"../../../Engine/Content/EditorMeshes/ColorCalibrator/M_ClearCoat.uasset" 186
"../../../Engine/Content/EditorMeshes/ColorCalibrator/M_ClearCoatBlack.uasset" 187
"../../../Engine/Content/EditorMeshes/ColorCalibrator/T_ColorGrid.uasset" 188
"../../../Engine/Content/EditorMeshes/ColorCalibrator/M_ColorGrid.uasset" 189
"../../../Engine/Content/EditorMeshes/ColorCalibrator/M_GreyBall.uasset" 190
"../../../Engine/Content/EditorMeshes/ColorCalibrator/SM_ColorCalibrator.uasset" 191
"../../../Engine/Content/EditorResources/BSPVertex.uasset" 192
"../../../Engine/Content/EngineDebugMaterials/HeatmapGradient.uasset" 193
"../../../Engine/Content/EngineDebugMaterials/BoneWeightMaterial.uasset" 194
"../../../Engine/Content/EngineDebugMaterials/GeomMaterial.uasset" 195
"../../../Engine/Content/EngineMaterials/EditorBrushMaterial.uasset" 196
"../../../Engine/Content/Tutorial/BlueprintTutorials/TutorialAssets/BlueprintInterface_64x.uasset" 197
"../../../Engine/Content/Tutorial/BlueprintTutorials/TutorialAssets/Tutorial_BP_Interface.uasset" 198
"../../../Engine/Content/Tutorial/BlueprintTutorials/BlueprintInterfacesEditorOverview.uasset" 199
"../../../Engine/Content/Tutorial/BlueprintTutorials/TutorialAssets/BlueprintMacroLibrary_64x.uasset" 200
"../../../Engine/Content/Tutorial/BlueprintTutorials/TutorialAssets/Tutorial_BP_MacroLib.uasset" 201
"../../../Engine/Content/Tutorial/BlueprintTutorials/BlueprintMacroLibrariesEditorOverview.uasset" 202
"../../../Engine/Content/Tutorial/Foliage/TutorialAssets/Foliage.uasset" 203
"../../../Engine/Content/Tutorial/Foliage/Foliage_Settings_Tutorial.uasset" 204
"../../../Engine/Content/Tutorial/Foliage/Foliage_Using_The_Tool_Tutorial.uasset" 205
"../../../Engine/Content/Tutorial/Foliage/Foliage_Intro_Tutorial.uasset" 206
"../../../Engine/Content/Tutorial/Landscape/TutorialAssets/Landscape.uasset" 207
"../../../Engine/Content/Tutorial/Landscape/Landscape_Painting_Mode.uasset" 208
"../../../Engine/Content/Tutorial/Landscape/Landscape_Sculpt_Mode.uasset" 209
"../../../Engine/Content/Tutorial/Landscape/Landscape_Manage_Mode.uasset" 210
"../../../Engine/Content/EditorMeshes/EditorCube.uasset" 211
"../../../Engine/Content/Tutorial/SubEditors/TutorialAssets/Tutorial_DM.uasset" 212
"../../../Engine/Content/Tutorial/SubEditors/DestructibleMeshEditorTutorial.uasset" 213
"../../../Engine/Content/Tutorial/SubEditors/TutorialAssets/icon_ShowSkeletalMeshes_40x.uasset" 214
"../../../Engine/Content/Tutorial/SubEditors/TutorialAssets/Character/TutorialTPP_Mat.uasset" 215
"../../../Engine/Content/Tutorial/SubEditors/TutorialAssets/Character/TutorialTPP_PhysicsAsset.uasset" 216
"../../../Engine/Content/Tutorial/SubEditors/TutorialAssets/Character/TutorialTPP.uasset" 217
"../../../Engine/Content/Tutorial/SubEditors/TutorialAssets/Character/TutorialTPP_Skeleton.uasset" 218
"../../../Engine/Content/Tutorial/SubEditors/TutorialAssets/Character/Tutorial_Idle.uasset" 219
"../../../Engine/Content/Tutorial/SubEditors/TutorialAssets/Character/Tutorial_Walk_Fwd.uasset" 220
"../../../Engine/Content/Tutorial/SubEditors/TutorialAssets/Character/NewBlendSpace1D.uasset" 221
"../../../Engine/Content/Tutorial/SubEditors/TutorialAssets/Character/TutorialCharacter.uasset" 222
"../../../Engine/Content/Tutorial/SubEditors/TutorialAssets/Character/TutorialTPP_AnimBlueprint.uasset" 223
"../../../Engine/Content/Tutorial/SubEditors/PersonaAnimBlueprintEditorWalkthrough.uasset" 224
"../../../Engine/Content/Tutorial/SubEditors/PersonaAnimEditorWalkthrough.uasset" 225
"../../../Engine/Content/EngineMeshes/Cube.uasset" 226
"../../../Engine/Content/Tutorial/SubEditors/StaticMeshEditorTutorial.uasset" 227
"../../../Engine/Content/Tutorial/SubEditors/TutorialAssets/icon_Editor_Preferences_General_40x.uasset" 228
