"C:/Users/Nicolas/Documents/Unreal Projects/SideScroller/SideScroller.uproject" 1
"../../../Engine/Plugins/2D/Paper2D/Paper2D.uplugin" 2
"../../../Engine/Plugins/Blendables/LightPropagationVolume/LightPropagationVolume.uplugin" 3
"../../../Engine/Plugins/Developer/BlankPlugin/BlankPlugin.uplugin" 4
"../../../Engine/Plugins/Developer/CodeLiteSourceCodeAccess/CodeLiteSourceCodeAccess.uplugin" 5
"../../../Engine/Plugins/Developer/GitSourceControl/GitSourceControl.uplugin" 6
"../../../Engine/Plugins/Developer/KDevelopSourceCodeAccess/KDevelopSourceCodeAccess.uplugin" 7
"../../../Engine/Plugins/Developer/NullSourceCodeAccess/NullSourceCodeAccess.uplugin" 8
"../../../Engine/Plugins/Developer/OneSkyLocalizationService/OneSkyLocalizationService.uplugin" 9
"../../../Engine/Plugins/Developer/PerforceSourceControl/PerforceSourceControl.uplugin" 10
"../../../Engine/Plugins/Developer/SubversionSourceControl/SubversionSourceControl.uplugin" 11
"../../../Engine/Plugins/Developer/UObjectPlugin/UObjectPlugin.uplugin" 12
"../../../Engine/Plugins/Developer/VisualStudioSourceCodeAccess/VisualStudioSourceCodeAccess.uplugin" 13
"../../../Engine/Plugins/Developer/XCodeSourceCodeAccess/XCodeSourceCodeAccess.uplugin" 14
"../../../Engine/Plugins/Editor/EpicSurvey/EpicSurvey.uplugin" 15
"../../../Engine/Plugins/Editor/MacGraphicsSwitching/MacGraphicsSwitching.uplugin" 16
"../../../Engine/Plugins/Editor/PluginBrowser/PluginBrowser.uplugin" 17
"../../../Engine/Plugins/Editor/SpeedTreeImporter/SpeedTreeImporter.uplugin" 18
"../../../Engine/Plugins/Experimental/BlueprintStats/BlueprintStats.uplugin" 19
"../../../Engine/Plugins/Experimental/CharacterAI/CharacterAI.uplugin" 20
"../../../Engine/Plugins/Experimental/CodeEditor/CodeEditor.uplugin" 21
"../../../Engine/Plugins/Experimental/CodeView/CodeView.uplugin" 22
"../../../Engine/Plugins/Experimental/HTML5Networking/HTML5Networking.uplugin" 23
"../../../Engine/Plugins/Experimental/LiveEditor/LiveEditor.uplugin" 24
"../../../Engine/Plugins/Experimental/Phya/Phya.uplugin" 25
"../../../Engine/Plugins/Experimental/SimpleHMD/SimpleHMD.uplugin" 26
"../../../Engine/Plugins/Experimental/StructBox/StructBox.uplugin" 27
"../../../Engine/Plugins/Media/AndroidMedia/AndroidMedia.uplugin" 28
"../../../Engine/Plugins/Media/AvfMedia/AvfMedia.uplugin" 29
"../../../Engine/Plugins/Media/MediaPlayerEditor/MediaPlayerEditor.uplugin" 30
"../../../Engine/Plugins/Media/WmfMedia/WmfMedia.uplugin" 31
"../../../Engine/Plugins/Messaging/MessagingDebugger/MessagingDebugger.uplugin" 32
"../../../Engine/Plugins/Messaging/UdpMessaging/UdpMessaging.uplugin" 33
"../../../Engine/Plugins/MovieScene/LevelSequenceEditor/LevelSequenceEditor.uplugin" 34
"../../../Engine/Plugins/NetcodeUnitTest/NetcodeUnitTest/NetcodeUnitTest.uplugin" 35
"../../../Engine/Plugins/NetcodeUnitTest/NUTUnrealEngine4/NUTUnrealEngine4.uplugin" 36
"../../../Engine/Plugins/Runtime/Advertising/IOSTapJoy/IOSTapJoy.uplugin" 37
"../../../Engine/Plugins/Runtime/Analytics/AnalyticsBlueprintLibrary/AnalyticsBlueprintLibrary.uplugin" 38
"../../../Engine/Plugins/Runtime/Analytics/AnalyticsMulticast/AnalyticsMulticast.uplugin" 39
"../../../Engine/Plugins/Runtime/Analytics/Apsalar/IOSApsalar/IOSApsalar.uplugin" 40
"../../../Engine/Plugins/Runtime/Analytics/FileLogging/FileLogging.uplugin" 41
"../../../Engine/Plugins/Runtime/Analytics/Flurry/IOSFlurry/IOSFlurry.uplugin" 42
"../../../Engine/Plugins/Runtime/AndroidDeviceProfileSelector/AndroidDeviceProfileSelector.uplugin" 43
"../../../Engine/Plugins/Runtime/AndroidMoviePlayer/AndroidMoviePlayer.uplugin" 44
"../../../Engine/Plugins/Runtime/AppleMoviePlayer/AppleMoviePlayer.uplugin" 45
"../../../Engine/Plugins/Runtime/ArchVisCharacter/ArchVisCharacter.uplugin" 46
"../../../Engine/Plugins/Runtime/CableComponent/CableComponent.uplugin" 47
"../../../Engine/Plugins/Runtime/CustomMeshComponent/CustomMeshComponent.uplugin" 48
"../../../Engine/Plugins/Runtime/ExampleDeviceProfileSelector/ExampleDeviceProfileSelector.uplugin" 49
"../../../Engine/Plugins/Runtime/GearVR/GearVR.uplugin" 50
"../../../Engine/Plugins/Runtime/IOSDeviceProfileSelector/IOSDeviceProfileSelector.uplugin" 51
"../../../Engine/Plugins/Runtime/LeapMotionController/LeapMotionController.uplugin" 52
"../../../Engine/Plugins/Runtime/LinuxDeviceProfileSelector/LinuxDeviceProfileSelector.uplugin" 53
"../../../Engine/Plugins/Runtime/LiveEditorListenServer/LiveEditorListenServer.uplugin" 54
"../../../Engine/Plugins/Runtime/OculusAudio/OculusAudio.uplugin" 55
"../../../Engine/Plugins/Runtime/OculusInput/OculusInput.uplugin" 56
"../../../Engine/Plugins/Runtime/OculusLibrary/OculusLibrary.uplugin" 57
"../../../Engine/Plugins/Runtime/OculusRift/OculusRift.uplugin" 58
"../../../Engine/Plugins/Runtime/ProceduralMeshComponent/ProceduralMeshComponent.uplugin" 59
"../../../Engine/Plugins/Runtime/SoundMod/SoundMod.uplugin" 60
"../../../Engine/Plugins/Runtime/SoundVisualizations/SoundVisualizations.uplugin" 61
"../../../Engine/Plugins/Runtime/Steam/SteamController/SteamController.uplugin" 62
"../../../Engine/Plugins/Runtime/Steam/SteamVR/SteamVR.uplugin" 63
"../../../Engine/Plugins/Runtime/WebBrowserWidget/WebBrowserWidget.uplugin" 64
"../../../Engine/Plugins/Runtime/WindowsDeviceProfileSelector/WindowsDeviceProfileSelector.uplugin" 65
"../../../Engine/Plugins/Runtime/WindowsMoviePlayer/WindowsMoviePlayer.uplugin" 66
"../../../Engine/Plugins/ScriptGeneratorPlugin/ScriptGeneratorPlugin.uplugin" 67
"../../../Engine/Plugins/ScriptPlugin/ScriptPlugin.uplugin" 68
"../../../Engine/Plugins/Slate/SlateRemote/SlateRemote.uplugin" 69
"..\..\..\Engine\Content\Internationalization\icudt53l\cnvalias.icu" 70
"..\..\..\Engine\Content\Internationalization\icudt53l\en_US_POSIX.res" 71
"..\..\..\Engine\Content\Internationalization\icudt53l\pool.res" 72
"..\..\..\Engine\Content\Internationalization\icudt53l\en_US.res" 73
"..\..\..\Engine\Content\Internationalization\icudt53l\en.res" 74
"..\..\..\Engine\Content\Internationalization\icudt53l\root.res" 75
"..\..\..\Engine\Content\Internationalization\icudt53l\fr_FR.res" 76
"..\..\..\Engine\Content\Internationalization\icudt53l\fr.res" 77
"C:/Users/Nicolas/AppData/Local/UnrealEngine/4.10/Saved/Config/Windows/Manifest.ini" 78
"../../../Engine/Config/Base.ini" 79
"../../../Engine/Config/BaseEngine.ini" 80
"C:/Users/Nicolas/Documents/Unreal Projects/SideScroller/Config/DefaultEngine.ini" 81
"../../../Engine/Config/Windows/WindowsEngine.ini" 82
"C:/Users/Nicolas/Documents/Unreal Projects/SideScroller/Saved/Config/Windows/Engine.ini" 83
"../../../../../../Users/Nicolas/Documents/Unreal Projects/SideScroller/Intermediate/Config/CoalescedSourceConfigs/Engine.ini" 84
"../../../Engine/Config/BaseGame.ini" 85
"C:/Users/Nicolas/Documents/Unreal Projects/SideScroller/Config/DefaultGame.ini" 86
"C:/Users/Nicolas/Documents/Unreal Projects/SideScroller/Saved/Config/Windows/Game.ini" 87
"../../../../../../Users/Nicolas/Documents/Unreal Projects/SideScroller/Intermediate/Config/CoalescedSourceConfigs/Game.ini" 88
"../../../Engine/Config/BaseInput.ini" 89
"C:/Users/Nicolas/Documents/Unreal Projects/SideScroller/Config/DefaultInput.ini" 90
"C:/Users/Nicolas/Documents/Unreal Projects/SideScroller/Saved/Config/Windows/Input.ini" 91
"../../../../../../Users/Nicolas/Documents/Unreal Projects/SideScroller/Intermediate/Config/CoalescedSourceConfigs/Input.ini" 92
"../../../Engine/Config/BaseEditor.ini" 93
"C:/Users/Nicolas/Documents/Unreal Projects/SideScroller/Config/DefaultEditor.ini" 94
"C:/Users/Nicolas/Documents/Unreal Projects/SideScroller/Saved/Config/Windows/Editor.ini" 95
"../../../../../../Users/Nicolas/Documents/Unreal Projects/SideScroller/Intermediate/Config/CoalescedSourceConfigs/Editor.ini" 96
"../../../Engine/Config/BaseEditorPerProjectUserSettings.ini" 97
"C:/Users/Nicolas/Documents/Unreal Projects/SideScroller/Config/DefaultEditorPerProjectUserSettings.ini" 98
"C:/Users/Nicolas/Documents/Unreal Projects/SideScroller/Saved/Config/Windows/EditorPerProjectUserSettings.ini" 99
"../../../../../../Users/Nicolas/Documents/Unreal Projects/SideScroller/Intermediate/Config/CoalescedSourceConfigs/EditorPerProjectUserSettings.ini" 100
"../../../Engine/Config/BaseEditorSettings.ini" 101
"C:/Users/Nicolas/AppData/Local/UnrealEngine/4.10/Saved/Config/Windows/EditorSettings.ini" 102
"../../../../../../Users/Nicolas/Documents/Unreal Projects/SideScroller/Intermediate/Config/CoalescedSourceConfigs/EditorSettings.ini" 103
"../../../Engine/Config/BaseEditorLayout.ini" 104
"C:/Users/Nicolas/AppData/Local/UnrealEngine/4.10/Saved/Config/Windows/EditorLayout.ini" 105
"../../../../../../Users/Nicolas/Documents/Unreal Projects/SideScroller/Intermediate/Config/CoalescedSourceConfigs/EditorLayout.ini" 106
"../../../Engine/Config/BaseEditorKeyBindings.ini" 107
"C:/Users/Nicolas/AppData/Local/UnrealEngine/4.10/Saved/Config/Windows/EditorKeyBindings.ini" 108
"../../../../../../Users/Nicolas/Documents/Unreal Projects/SideScroller/Intermediate/Config/CoalescedSourceConfigs/EditorKeyBindings.ini" 109
"../../../Engine/Config/BaseCompat.ini" 110
"C:/Users/Nicolas/Documents/Unreal Projects/SideScroller/Saved/Config/Windows/Compat.ini" 111
"../../../../../../Users/Nicolas/Documents/Unreal Projects/SideScroller/Intermediate/Config/CoalescedSourceConfigs/Compat.ini" 112
"../../../Engine/Config/BaseLightmass.ini" 113
"C:/Users/Nicolas/Documents/Unreal Projects/SideScroller/Saved/Config/Windows/Lightmass.ini" 114
"../../../../../../Users/Nicolas/Documents/Unreal Projects/SideScroller/Intermediate/Config/CoalescedSourceConfigs/Lightmass.ini" 115
"../../../Engine/Config/BaseScalability.ini" 116
"C:/Users/Nicolas/Documents/Unreal Projects/SideScroller/Saved/Config/Windows/Scalability.ini" 117
"../../../../../../Users/Nicolas/Documents/Unreal Projects/SideScroller/Intermediate/Config/CoalescedSourceConfigs/Scalability.ini" 118
"C:/Users/Nicolas/Documents/Unreal Projects/SideScroller/Saved/Config/Windows/GameUserSettings.ini" 119
"../../../../../../Users/Nicolas/Documents/Unreal Projects/SideScroller/Intermediate/Config/CoalescedSourceConfigs/GameUserSettings.ini" 120
"../../../Engine/Config/BaseDeviceProfiles.ini" 121
"C:/Users/Nicolas/Documents/Unreal Projects/SideScroller/Saved/Config/Windows/DeviceProfiles.ini" 122
"../../../../../../Users/Nicolas/Documents/Unreal Projects/SideScroller/Intermediate/Config/CoalescedSourceConfigs/DeviceProfiles.ini" 123
"../../../Engine/Config/ConsoleVariables.ini" 124
"..\..\..\Engine\Content\Internationalization\icudt53l\es.res" 125
"..\..\..\Engine\Content\Internationalization\icudt53l\ja.res" 126
"..\..\..\Engine\Content\Internationalization\icudt53l\ko.res" 127
"..\..\..\Engine\Content\Internationalization\icudt53l\pt_BR.res" 128
"..\..\..\Engine\Content\Internationalization\icudt53l\pt.res" 129
"..\..\..\Engine\Content\Internationalization\icudt53l\zh_CN.res" 130
"..\..\..\Engine\Content\Internationalization\icudt53l\zh_Hans_CN.res" 131
"..\..\..\Engine\Content\Internationalization\icudt53l\zh_Hans.res" 132
"..\..\..\Engine\Content\Internationalization\icudt53l\zh.res" 133
"C:/Program Files (x86)/Epic Games/4.10/Engine/Content/Localization/Engine/en/Engine.locres" 134
"C:/Program Files (x86)/Epic Games/4.10/Engine/Content/Localization/Editor/en/Editor.locres" 135
"C:/Program Files (x86)/Epic Games/4.10/Engine/Content/Localization/EditorTutorials/en/EditorTutorials.locres" 136
"C:/Program Files (x86)/Epic Games/4.10/Engine/Content/Localization/Keywords/en/Keywords.locres" 137
"C:/Program Files (x86)/Epic Games/4.10/Engine/Content/Localization/Category/en/Category.locres" 138
"C:/Program Files (x86)/Epic Games/4.10/Engine/Content/Localization/ToolTips/en/ToolTips.locres" 139
"C:/Program Files (x86)/Epic Games/4.10/Engine/Content/Localization/PropertyNames/en/PropertyNames.locres" 140
"../../../Engine/Content/Slate/Fonts/Roboto-Regular.ttf" 141
"../../../Engine/Content/Slate/Fonts/DroidSansMono.ttf" 142
"../../../Engine/Content/Slate/Fonts/Roboto-Bold.ttf" 143
"../../../Engine/Content/Slate/Fonts/Roboto-Light.ttf" 144
"C:/Program Files (x86)/Epic Games/4.10/Engine/Binaries/Win64/../../../Engine/Shaders/ParticleSpriteVertexFactory.usf" 145
"C:/Program Files (x86)/Epic Games/4.10/Engine/Binaries/Win64/../../../Engine/Shaders/VertexFactoryCommon.usf" 146
"C:/Program Files (x86)/Epic Games/4.10/Engine/Binaries/Win64/../../../Engine/Shaders/Common.usf" 147
"C:/Program Files (x86)/Epic Games/4.10/Engine/Binaries/Win64/../../../Engine/Shaders/MetalCommon.usf" 148
"C:/Program Files (x86)/Epic Games/4.10/Engine/Binaries/Win64/../../../Engine/Shaders/ShaderVersion.usf" 149
"C:/Program Files (x86)/Epic Games/4.10/Engine/Binaries/Win64/../../../Engine/Shaders/CommonViewUniformBuffer.usf" 150
"C:/Program Files (x86)/Epic Games/4.10/Engine/Binaries/Win64/../../../Engine/Shaders/Definitions.usf" 151
"C:/Program Files (x86)/Epic Games/4.10/Engine/Binaries/Win64/../../../Engine/Shaders/Random.usf" 152
"C:/Program Files (x86)/Epic Games/4.10/Engine/Binaries/Win64/../../../Engine/Shaders/ParticleVertexFactoryCommon.usf" 153
"C:/Program Files (x86)/Epic Games/4.10/Engine/Binaries/Win64/../../../Engine/Shaders/ParticleGPUSpriteVertexFactory.usf" 154
"C:/Program Files (x86)/Epic Games/4.10/Engine/Binaries/Win64/../../../Engine/Shaders/ParticleBeamTrailVertexFactory.usf" 155
"C:/Program Files (x86)/Epic Games/4.10/Engine/Binaries/Win64/../../../Engine/Shaders/LocalVertexFactory.usf" 156
"C:/Program Files (x86)/Epic Games/4.10/Engine/Binaries/Win64/../../../Engine/Shaders/LocalVertexFactoryCommon.usf" 157
"C:/Program Files (x86)/Epic Games/4.10/Engine/Binaries/Win64/../../../Engine/Shaders/VectorFieldVisualizationVertexFactory.usf" 158
"C:/Program Files (x86)/Epic Games/4.10/Engine/Binaries/Win64/../../../Engine/Shaders/MeshParticleVertexFactory.usf" 159
"C:/Program Files (x86)/Epic Games/4.10/Engine/Binaries/Win64/../../../Engine/Shaders/GpuSkinVertexFactory.usf" 160
"C:/Program Files (x86)/Epic Games/4.10/Engine/Binaries/Win64/../../../Engine/Shaders/GpuSkinCacheCommon.usf" 161
"C:/Program Files (x86)/Epic Games/4.10/Engine/Binaries/Win64/../../../Engine/Shaders/LandscapeVertexFactory.usf" 162
"C:/Program Files (x86)/Epic Games/4.10/Engine/Binaries/Win64/../../../Engine/Shaders/SlateElementPixelShader.usf" 163
"C:/Program Files (x86)/Epic Games/4.10/Engine/Binaries/Win64/../../../Engine/Shaders/GammaCorrectionCommon.usf" 164
"C:/Program Files (x86)/Epic Games/4.10/Engine/Binaries/Win64/../../../Engine/Shaders/MaterialTemplate.usf" 165
"C:/Program Files (x86)/Epic Games/4.10/Engine/Binaries/Win64/../../../Engine/Shaders/DepthOfFieldCommon.usf" 166
"C:/Program Files (x86)/Epic Games/4.10/Engine/Binaries/Win64/../../../Engine/Shaders/GlobalDistanceFieldShared.usf" 167
"C:/Program Files (x86)/Epic Games/4.10/Engine/Binaries/Win64/../../../Engine/Shaders/SpeedTreeCommon.usf" 168
"C:/Program Files (x86)/Epic Games/4.10/Engine/Binaries/Win64/../../../Engine/Shaders/AtmosphereCommon.usf" 169
"C:/Program Files (x86)/Epic Games/4.10/Engine/Binaries/Win64/../../../Engine/Shaders/PaniniProjection.usf" 170
"C:/Program Files (x86)/Epic Games/4.10/Engine/Binaries/Win64/../../../Engine/Shaders/EyeAdaptationCommon.usf" 171
"C:/Program Files (x86)/Epic Games/4.10/Engine/Binaries/Win64/../../../Engine/Shaders/PostProcessCommon.usf" 172
"C:/Program Files (x86)/Epic Games/4.10/Engine/Binaries/Win64/../../../Engine/Shaders/DeferredShadingCommon.usf" 173
"C:/Program Files (x86)/Epic Games/4.10/Engine/Binaries/Win64/../../../Engine/Shaders/LightAccumulator.usf" 174
"C:/Program Files (x86)/Epic Games/4.10/Engine/Binaries/Win64/../../../Engine/Shaders/SlateVertexShader.usf" 175
"C:/Program Files (x86)/Epic Games/4.10/Engine/Binaries/Win64/../../../Engine/Shaders/ParticleSortKeyGen.usf" 176
"C:/Program Files (x86)/Epic Games/4.10/Engine/Binaries/Win64/../../../Engine/Shaders/ParticleBoundsShader.usf" 177
"C:/Program Files (x86)/Epic Games/4.10/Engine/Binaries/Win64/../../../Engine/Shaders/ParticleSimVisualizeShader.usf" 178
"C:/Program Files (x86)/Epic Games/4.10/Engine/Binaries/Win64/../../../Engine/Shaders/ParticleInjectionShader.usf" 179
"C:/Program Files (x86)/Epic Games/4.10/Engine/Binaries/Win64/../../../Engine/Shaders/ParticleSimulationShader.usf" 180
"C:/Program Files (x86)/Epic Games/4.10/Engine/Binaries/Win64/../../../Engine/Shaders/ParticleCurveInjectionShader.usf" 181
"C:/Program Files (x86)/Epic Games/4.10/Engine/Binaries/Win64/../../../Engine/Shaders/VectorFieldCompositeShaders.usf" 182
"C:/Program Files (x86)/Epic Games/4.10/Engine/Binaries/Win64/../../../Engine/Shaders/UpdateTextureShaders.usf" 183
"C:/Program Files (x86)/Epic Games/4.10/Engine/Binaries/Win64/../../../Engine/Shaders/SimpleElementColorChannelMaskPixelShader.usf" 184
"C:/Program Files (x86)/Epic Games/4.10/Engine/Binaries/Win64/../../../Engine/Shaders/SimpleElementPixelShader.usf" 185
"C:/Program Files (x86)/Epic Games/4.10/Engine/Binaries/Win64/../../../Engine/Shaders/ColorUtils.usf" 186
"C:/Program Files (x86)/Epic Games/4.10/Engine/Binaries/Win64/../../../Engine/Shaders/IESLightProfilesCommon.usf" 187
"C:/Program Files (x86)/Epic Games/4.10/Engine/Binaries/Win64/../../../Engine/Shaders/SimpleElementHitProxyPixelShader.usf" 188
"C:/Program Files (x86)/Epic Games/4.10/Engine/Binaries/Win64/../../../Engine/Shaders/SimpleElementVertexShader.usf" 189
"C:/Program Files (x86)/Epic Games/4.10/Engine/Binaries/Win64/../../../Engine/Shaders/ScreenVertexShader.usf" 190
"C:/Program Files (x86)/Epic Games/4.10/Engine/Binaries/Win64/../../../Engine/Shaders/ScreenPixelShader.usf" 191
"C:/Program Files (x86)/Epic Games/4.10/Engine/Binaries/Win64/../../../Engine/Shaders/RadixSortShaders.usf" 192
"C:/Program Files (x86)/Epic Games/4.10/Engine/Binaries/Win64/../../../Engine/Shaders/GpuSkinCacheComputeShader.usf" 193
"C:/Program Files (x86)/Epic Games/4.10/Engine/Binaries/Win64/../../../Engine/Shaders/NullPixelShader.usf" 194
"C:/Program Files (x86)/Epic Games/4.10/Engine/Binaries/Win64/../../../Engine/Shaders/LandscapeGrassWeight.usf" 195
"C:/Program Files (x86)/Epic Games/4.10/Engine/Binaries/Win64/../../../Engine/Shaders/VisualizeTexture.usf" 196
"C:/Program Files (x86)/Epic Games/4.10/Engine/Binaries/Win64/../../../Engine/Shaders/ScreenSpaceReflections.usf" 197
"C:/Program Files (x86)/Epic Games/4.10/Engine/Binaries/Win64/../../../Engine/Shaders/BRDF.usf" 198
"C:/Program Files (x86)/Epic Games/4.10/Engine/Binaries/Win64/../../../Engine/Shaders/MonteCarlo.usf" 199
"C:/Program Files (x86)/Epic Games/4.10/Engine/Binaries/Win64/../../../Engine/Shaders/ScreenSpaceRayCast.usf" 200
"C:/Program Files (x86)/Epic Games/4.10/Engine/Binaries/Win64/../../../Engine/Shaders/FilterVertexShader.usf" 201
"C:/Program Files (x86)/Epic Games/4.10/Engine/Binaries/Win64/../../../Engine/Shaders/FilterPixelShader.usf" 202
"C:/Program Files (x86)/Epic Games/4.10/Engine/Binaries/Win64/../../../Engine/Shaders/PostProcessVisualizeHDR.usf" 203
"C:/Program Files (x86)/Epic Games/4.10/Engine/Binaries/Win64/../../../Engine/Shaders/PostProcessHistogramCommon.usf" 204
"C:/Program Files (x86)/Epic Games/4.10/Engine/Binaries/Win64/../../../Engine/Shaders/TonemapCommon.usf" 205
"C:/Program Files (x86)/Epic Games/4.10/Engine/Binaries/Win64/../../../Engine/Shaders/ACES.usf" 206
"C:/Program Files (x86)/Epic Games/4.10/Engine/Binaries/Win64/../../../Engine/Shaders/MiniFontCommon.usf" 207
"C:/Program Files (x86)/Epic Games/4.10/Engine/Binaries/Win64/../../../Engine/Shaders/PostProcessVisualizeBuffer.usf" 208
"C:/Program Files (x86)/Epic Games/4.10/Engine/Binaries/Win64/../../../Engine/Shaders/PostProcessUpscale.usf" 209
"C:/Program Files (x86)/Epic Games/4.10/Engine/Binaries/Win64/../../../Engine/Shaders/PostProcessTonemap.usf" 210
"C:/Program Files (x86)/Epic Games/4.10/Engine/Binaries/Win64/../../../Engine/Shaders/PostProcessTestImage.usf" 211
"C:/Program Files (x86)/Epic Games/4.10/Engine/Binaries/Win64/../../../Engine/Shaders/PostProcessTemporalAA.usf" 212
"C:/Program Files (x86)/Epic Games/4.10/Engine/Binaries/Win64/../../../Engine/Shaders/PostProcessTemporalCommon.usf" 213
"C:/Program Files (x86)/Epic Games/4.10/Engine/Binaries/Win64/../../../Engine/Shaders/PostProcessSubsurface.usf" 214
"C:/Program Files (x86)/Epic Games/4.10/Engine/Binaries/Win64/../../../Engine/Shaders/SeparableSSS.usf" 215
"C:/Program Files (x86)/Epic Games/4.10/Engine/Binaries/Win64/../../../Engine/Shaders/PostProcessSelectionOutline.usf" 216
"C:/Program Files (x86)/Epic Games/4.10/Engine/Binaries/Win64/../../../Engine/Shaders/PostProcessSceneColorFringe.usf" 217
"C:/Program Files (x86)/Epic Games/4.10/Engine/Binaries/Win64/../../../Engine/Shaders/PostProcessNoiseBlur.usf" 218
"C:/Program Files (x86)/Epic Games/4.10/Engine/Binaries/Win64/../../../Engine/Shaders/PostProcessMotionBlur.usf" 219
"C:/Program Files (x86)/Epic Games/4.10/Engine/Binaries/Win64/../../../Engine/Shaders/FastMath.usf" 220
"C:/Program Files (x86)/Epic Games/4.10/Engine/Binaries/Win64/../../../Engine/Shaders/PostProcessVelocityFlatten.usf" 221
"C:/Program Files (x86)/Epic Games/4.10/Engine/Binaries/Win64/../../../Engine/Shaders/PostProcessMobile.usf" 222
"C:/Program Files (x86)/Epic Games/4.10/Engine/Binaries/Win64/../../../Engine/Shaders/PostProcessMaterialShaders.usf" 223
"C:/Program Files (x86)/Epic Games/4.10/Engine/Binaries/Win64/../../../Engine/Shaders/PostProcessLensFlares.usf" 224
"C:/Program Files (x86)/Epic Games/4.10/Engine/Binaries/Win64/../../../Engine/Shaders/PostProcessLensBlur.usf" 225
"C:/Program Files (x86)/Epic Games/4.10/Engine/Binaries/Win64/../../../Engine/Shaders/PostProcessBloom.usf" 226
"C:/Program Files (x86)/Epic Games/4.10/Engine/Binaries/Win64/../../../Engine/Shaders/PostProcessHMD.usf" 227
"C:/Program Files (x86)/Epic Games/4.10/Engine/Binaries/Win64/../../../Engine/Shaders/PostProcessHistogramReduce.usf" 228
"C:/Program Files (x86)/Epic Games/4.10/Engine/Binaries/Win64/../../../Engine/Shaders/PostProcessHistogram.usf" 229
"C:/Program Files (x86)/Epic Games/4.10/Engine/Binaries/Win64/../../../Engine/Shaders/PostProcessHierarchical.usf" 230
"C:/Program Files (x86)/Epic Games/4.10/Engine/Binaries/Win64/../../../Engine/Shaders/PostProcessGBufferHints.usf" 231
"C:/Program Files (x86)/Epic Games/4.10/Engine/Binaries/Win64/../../../Engine/Shaders/PostProcessEyeAdaptation.usf" 232
"C:/Program Files (x86)/Epic Games/4.10/Engine/Binaries/Win64/../../../Engine/Shaders/PostProcessDownsample.usf" 233
"C:/Program Files (x86)/Epic Games/4.10/Engine/Binaries/Win64/../../../Engine/Shaders/PostProcessDOF.usf" 234
"C:/Program Files (x86)/Epic Games/4.10/Engine/Binaries/Win64/../../../Engine/Shaders/PostProcessCompositeEditorPrimitives.usf" 235
"C:/Program Files (x86)/Epic Games/4.10/Engine/Binaries/Win64/../../../Engine/Shaders/PostProcessCombineLUTs.usf" 236
"C:/Program Files (x86)/Epic Games/4.10/Engine/Binaries/Win64/../../../Engine/Shaders/PostProcessCircleDOF.usf" 237
"C:/Program Files (x86)/Epic Games/4.10/Engine/Binaries/Win64/../../../Engine/Shaders/CircleDOFCommon.usf" 238
"C:/Program Files (x86)/Epic Games/4.10/Engine/Binaries/Win64/../../../Engine/Shaders/PostProcessBusyWait.usf" 239
"C:/Program Files (x86)/Epic Games/4.10/Engine/Binaries/Win64/../../../Engine/Shaders/PostProcessBokehDOF.usf" 240
"C:/Program Files (x86)/Epic Games/4.10/Engine/Binaries/Win64/../../../Engine/Shaders/PostProcessVisualizeDOF.usf" 241
"C:/Program Files (x86)/Epic Games/4.10/Engine/Binaries/Win64/../../../Engine/Shaders/FXAAShader.usf" 242
"C:/Program Files (x86)/Epic Games/4.10/Engine/Binaries/Win64/../../../Engine/Shaders/Fxaa3_11.usf" 243
"C:/Program Files (x86)/Epic Games/4.10/Engine/Binaries/Win64/../../../Engine/Shaders/PostProcessPassThrough.usf" 244
"C:/Program Files (x86)/Epic Games/4.10/Engine/Binaries/Win64/../../../Engine/Shaders/PostProcessLpvIndirect.usf" 245
"C:/Program Files (x86)/Epic Games/4.10/Engine/Binaries/Win64/../../../Engine/Shaders/DeferredLightingCommon.usf" 246
"C:/Program Files (x86)/Epic Games/4.10/Engine/Binaries/Win64/../../../Engine/Shaders/DynamicLightingCommon.usf" 247
"C:/Program Files (x86)/Epic Games/4.10/Engine/Binaries/Win64/../../../Engine/Shaders/ShadingModels.usf" 248
"C:/Program Files (x86)/Epic Games/4.10/Engine/Binaries/Win64/../../../Engine/Shaders/LPVFinalPass.usf" 249
"C:/Program Files (x86)/Epic Games/4.10/Engine/Binaries/Win64/../../../Engine/Shaders/LPVCommon.usf" 250
"C:/Program Files (x86)/Epic Games/4.10/Engine/Binaries/Win64/../../../Engine/Shaders/DeferredDecal.usf" 251
"C:/Program Files (x86)/Epic Games/4.10/Engine/Binaries/Win64/../../../Engine/Shaders/PostProcessAmbientOcclusion.usf" 252
"C:/Program Files (x86)/Epic Games/4.10/Engine/Binaries/Win64/../../../Engine/Shaders/PostProcessAmbient.usf" 253
"C:/Program Files (x86)/Epic Games/4.10/Engine/Binaries/Win64/../../../Engine/Shaders/CubemapCommon.usf" 254
"C:/Program Files (x86)/Epic Games/4.10/Engine/Binaries/Win64/../../../Engine/Shaders/VelocityShader.usf" 255
"C:/Program Files (x86)/Epic Games/4.10/Engine/Binaries/Win64/../../../Engine/Shaders/VelocityCommon.usf" 256
"C:/Program Files (x86)/Epic Games/4.10/Engine/Binaries/Win64/../../../Engine/Shaders/Tessellation.usf" 257
"C:/Program Files (x86)/Epic Games/4.10/Engine/Binaries/Win64/../../../Engine/Shaders/FlatTessellation.usf" 258
"C:/Program Files (x86)/Epic Games/4.10/Engine/Binaries/Win64/../../../Engine/Shaders/PNTriangles.usf" 259
"C:/Program Files (x86)/Epic Games/4.10/Engine/Binaries/Win64/../../../Engine/Shaders/TranslucentLightingShaders.usf" 260
"C:/Program Files (x86)/Epic Games/4.10/Engine/Binaries/Win64/../../../Engine/Shaders/SHCommon.usf" 261
"C:/Program Files (x86)/Epic Games/4.10/Engine/Binaries/Win64/../../../Engine/Shaders/ShadowProjectionCommon.usf" 262
"C:/Program Files (x86)/Epic Games/4.10/Engine/Binaries/Win64/../../../Engine/Shaders/TranslucentLightInjectionShaders.usf" 263
"C:/Program Files (x86)/Epic Games/4.10/Engine/Binaries/Win64/../../../Engine/Shaders/LightFunctionCommon.usf" 264
"C:/Program Files (x86)/Epic Games/4.10/Engine/Binaries/Win64/../../../Engine/Shaders/TranslucentShadowDepthShaders.usf" 265
"C:/Program Files (x86)/Epic Games/4.10/Engine/Binaries/Win64/../../../Engine/Shaders/ShadowDepthCommon.usf" 266
"C:/Program Files (x86)/Epic Games/4.10/Engine/Binaries/Win64/../../../Engine/Shaders/TiledDeferredLightShaders.usf" 267
"C:/Program Files (x86)/Epic Games/4.10/Engine/Binaries/Win64/../../../Engine/Shaders/SurfelTree.usf" 268
"C:/Program Files (x86)/Epic Games/4.10/Engine/Binaries/Win64/../../../Engine/Shaders/DistanceFieldLightingShared.usf" 269
"C:/Program Files (x86)/Epic Games/4.10/Engine/Binaries/Win64/../../../Engine/Shaders/SurfelMaterialShared.usf" 270
"C:/Program Files (x86)/Epic Games/4.10/Engine/Binaries/Win64/../../../Engine/Shaders/DistanceFieldAOShared.usf" 271
"C:/Program Files (x86)/Epic Games/4.10/Engine/Binaries/Win64/../../../Engine/Shaders/ShadowProjectionPixelShader.usf" 272
"C:/Program Files (x86)/Epic Games/4.10/Engine/Binaries/Win64/../../../Engine/Shaders/ShadowFilteringCommon.usf" 273
"C:/Program Files (x86)/Epic Games/4.10/Engine/Binaries/Win64/../../../Engine/Shaders/ShadowProjectionVertexShader.usf" 274
"C:/Program Files (x86)/Epic Games/4.10/Engine/Binaries/Win64/../../../Engine/Shaders/ShadowDepthPixelShader.usf" 275
"C:/Program Files (x86)/Epic Games/4.10/Engine/Binaries/Win64/../../../Engine/Shaders/LPVWriteVplCommon.usf" 276
"C:/Program Files (x86)/Epic Games/4.10/Engine/Binaries/Win64/../../../Engine/Shaders/LPVWriteCommon.usf" 277
"C:/Program Files (x86)/Epic Games/4.10/Engine/Binaries/Win64/../../../Engine/Shaders/ShadowDepthVertexShader.usf" 278
"C:/Program Files (x86)/Epic Games/4.10/Engine/Binaries/Win64/../../../Engine/Shaders/ShaderComplexityApplyPixelShader.usf" 279
"C:/Program Files (x86)/Epic Games/4.10/Engine/Binaries/Win64/../../../Engine/Shaders/ShaderComplexityApplyVertexShader.usf" 280
"C:/Program Files (x86)/Epic Games/4.10/Engine/Binaries/Win64/../../../Engine/Shaders/ShaderComplexityAccumulatePixelShader.usf" 281
"C:/Program Files (x86)/Epic Games/4.10/Engine/Binaries/Win64/../../../Engine/Shaders/HZBOcclusion.usf" 282
"C:/Program Files (x86)/Epic Games/4.10/Engine/Binaries/Win64/../../../Engine/Shaders/OcclusionQueryVertexShader.usf" 283
"C:/Program Files (x86)/Epic Games/4.10/Engine/Binaries/Win64/../../../Engine/Shaders/HitProxyPixelShader.usf" 284
"C:/Program Files (x86)/Epic Games/4.10/Engine/Binaries/Win64/../../../Engine/Shaders/HitProxyVertexShader.usf" 285
"C:/Program Files (x86)/Epic Games/4.10/Engine/Binaries/Win64/../../../Engine/Shaders/ReflectionEnvironmentShaders.usf" 286
"C:/Program Files (x86)/Epic Games/4.10/Engine/Binaries/Win64/../../../Engine/Shaders/ReflectionEnvironmentShared.usf" 287
"C:/Program Files (x86)/Epic Games/4.10/Engine/Binaries/Win64/../../../Engine/Shaders/SkyLightingShared.usf" 288
"C:/Program Files (x86)/Epic Games/4.10/Engine/Binaries/Win64/../../../Engine/Shaders/ReflectionEnvironmentComputeShaders.usf" 289
"C:/Program Files (x86)/Epic Games/4.10/Engine/Binaries/Win64/../../../Engine/Shaders/LightShaftShader.usf" 290
"C:/Program Files (x86)/Epic Games/4.10/Engine/Binaries/Win64/../../../Engine/Shaders/StationaryLightOverlapShaders.usf" 291
"C:/Program Files (x86)/Epic Games/4.10/Engine/Binaries/Win64/../../../Engine/Shaders/DeferredLightPixelShaders.usf" 292
"C:/Program Files (x86)/Epic Games/4.10/Engine/Binaries/Win64/../../../Engine/Shaders/DeferredLightVertexShaders.usf" 293
"C:/Program Files (x86)/Epic Games/4.10/Engine/Binaries/Win64/../../../Engine/Shaders/LPVVisualise.usf" 294
"C:/Program Files (x86)/Epic Games/4.10/Engine/Binaries/Win64/../../../Engine/Shaders/LPVGeometryVolumeCommon.usf" 295
"C:/Program Files (x86)/Epic Games/4.10/Engine/Binaries/Win64/../../../Engine/Shaders/LPVDirectLightInject.usf" 296
"C:/Program Files (x86)/Epic Games/4.10/Engine/Binaries/Win64/../../../Engine/Shaders/LPVPropagate.usf" 297
"C:/Program Files (x86)/Epic Games/4.10/Engine/Binaries/Win64/../../../Engine/Shaders/LPVPacking.usf" 298
"C:/Program Files (x86)/Epic Games/4.10/Engine/Binaries/Win64/../../../Engine/Shaders/LPVBuildGeometryVolume.usf" 299
"C:/Program Files (x86)/Epic Games/4.10/Engine/Binaries/Win64/../../../Engine/Shaders/LpvDirectionalOcclusion.usf" 300
"C:/Program Files (x86)/Epic Games/4.10/Engine/Binaries/Win64/../../../Engine/Shaders/LPVInject_AccumulateVplLists.usf" 301
"C:/Program Files (x86)/Epic Games/4.10/Engine/Binaries/Win64/../../../Engine/Shaders/LPVInject_GenerateVplLists.usf" 302
"C:/Program Files (x86)/Epic Games/4.10/Engine/Binaries/Win64/../../../Engine/Shaders/LPVClearLists.usf" 303
"C:/Program Files (x86)/Epic Games/4.10/Engine/Binaries/Win64/../../../Engine/Shaders/LPVClear.usf" 304
"C:/Program Files (x86)/Epic Games/4.10/Engine/Binaries/Win64/../../../Engine/Shaders/LightMapDensityShader.usf" 305
"C:/Program Files (x86)/Epic Games/4.10/Engine/Binaries/Win64/../../../Engine/Shaders/LightFunctionPixelShader.usf" 306
"C:/Program Files (x86)/Epic Games/4.10/Engine/Binaries/Win64/../../../Engine/Shaders/LightFunctionVertexShader.usf" 307
"C:/Program Files (x86)/Epic Games/4.10/Engine/Binaries/Win64/../../../Engine/Shaders/HeightfieldLighting.usf" 308
"C:/Program Files (x86)/Epic Games/4.10/Engine/Binaries/Win64/../../../Engine/Shaders/DistanceFieldShadowingShared.usf" 309
"C:/Program Files (x86)/Epic Games/4.10/Engine/Binaries/Win64/../../../Engine/Shaders/HdrCustomResolveShaders.usf" 310
"C:/Program Files (x86)/Epic Games/4.10/Engine/Binaries/Win64/../../../Engine/Shaders/GPUBenchmark.usf" 311
"C:/Program Files (x86)/Epic Games/4.10/Engine/Binaries/Win64/../../../Engine/Shaders/GlobalDistanceField.usf" 312
"C:/Program Files (x86)/Epic Games/4.10/Engine/Binaries/Win64/../../../Engine/Shaders/GammaCorrection.usf" 313
"C:/Program Files (x86)/Epic Games/4.10/Engine/Binaries/Win64/../../../Engine/Shaders/BasePassForForwardShadingPixelShader.usf" 314
"C:/Program Files (x86)/Epic Games/4.10/Engine/Binaries/Win64/../../../Engine/Shaders/BasePassForForwardShadingCommon.usf" 315
"C:/Program Files (x86)/Epic Games/4.10/Engine/Binaries/Win64/../../../Engine/Shaders/LightmapCommon.usf" 316
"C:/Program Files (x86)/Epic Games/4.10/Engine/Binaries/Win64/../../../Engine/Shaders/BasePassForForwardShadingVertexShader.usf" 317
"C:/Program Files (x86)/Epic Games/4.10/Engine/Binaries/Win64/../../../Engine/Shaders/HeightFogCommon.usf" 318
"C:/Program Files (x86)/Epic Games/4.10/Engine/Binaries/Win64/../../../Engine/Shaders/HeightFogPixelShader.usf" 319
"C:/Program Files (x86)/Epic Games/4.10/Engine/Binaries/Win64/../../../Engine/Shaders/HeightFogVertexShader.usf" 320
"C:/Program Files (x86)/Epic Games/4.10/Engine/Binaries/Win64/../../../Engine/Shaders/DistortAccumulatePS.usf" 321
"C:/Program Files (x86)/Epic Games/4.10/Engine/Binaries/Win64/../../../Engine/Shaders/DistortAccumulateVS.usf" 322
"C:/Program Files (x86)/Epic Games/4.10/Engine/Binaries/Win64/../../../Engine/Shaders/DistortApplyScreenPS.usf" 323
"C:/Program Files (x86)/Epic Games/4.10/Engine/Binaries/Win64/../../../Engine/Shaders/DistanceFieldSurfaceCacheLighting.usf" 324
"C:/Program Files (x86)/Epic Games/4.10/Engine/Binaries/Win64/../../../Engine/Shaders/SkyLighting.usf" 325
"C:/Program Files (x86)/Epic Games/4.10/Engine/Binaries/Win64/../../../Engine/Shaders/DistanceFieldSurfaceCacheLightingCompute.usf" 326
"C:/Program Files (x86)/Epic Games/4.10/Engine/Binaries/Win64/../../../Engine/Shaders/DistanceFieldShadowing.usf" 327
"C:/Program Files (x86)/Epic Games/4.10/Engine/Binaries/Win64/../../../Engine/Shaders/DistanceFieldScreenGridLighting.usf" 328
"C:/Program Files (x86)/Epic Games/4.10/Engine/Binaries/Win64/../../../Engine/Shaders/DistanceFieldLightingPost.usf" 329
"C:/Program Files (x86)/Epic Games/4.10/Engine/Binaries/Win64/../../../Engine/Shaders/DistanceFieldGlobalIllumination.usf" 330
"C:/Program Files (x86)/Epic Games/4.10/Engine/Binaries/Win64/../../../Engine/Shaders/DepthOnlyPixelShader.usf" 331
"C:/Program Files (x86)/Epic Games/4.10/Engine/Binaries/Win64/../../../Engine/Shaders/DepthOnlyVertexShader.usf" 332
"C:/Program Files (x86)/Epic Games/4.10/Engine/Binaries/Win64/../../../Engine/Shaders/PositionOnlyDepthVertexShader.usf" 333
"C:/Program Files (x86)/Epic Games/4.10/Engine/Binaries/Win64/../../../Engine/Shaders/DownsampleDepthPixelShader.usf" 334
"C:/Program Files (x86)/Epic Games/4.10/Engine/Binaries/Win64/../../../Engine/Shaders/EvaluateSurfelMaterial.usf" 335
"C:/Program Files (x86)/Epic Games/4.10/Engine/Binaries/Win64/../../../Engine/Shaders/ConvertToUniformMesh.usf" 336
"C:/Program Files (x86)/Epic Games/4.10/Engine/Binaries/Win64/../../../Engine/Shaders/BasePassPixelShader.usf" 337
"C:/Program Files (x86)/Epic Games/4.10/Engine/Binaries/Win64/../../../Engine/Shaders/BasePassCommon.usf" 338
"C:/Program Files (x86)/Epic Games/4.10/Engine/Binaries/Win64/../../../Engine/Shaders/ForEachLight.usf" 339
"C:/Program Files (x86)/Epic Games/4.10/Engine/Binaries/Win64/../../../Engine/Shaders/BasePassVertexShader.usf" 340
"C:/Program Files (x86)/Epic Games/4.10/Engine/Binaries/Win64/../../../Engine/Shaders/BasePassVertexCommon.usf" 341
"C:/Program Files (x86)/Epic Games/4.10/Engine/Binaries/Win64/../../../Engine/Shaders/BasePassTessellationShaders.usf" 342
"C:/Program Files (x86)/Epic Games/4.10/Engine/Binaries/Win64/../../../Engine/Shaders/AtmospherePrecompute.usf" 343
"C:/Program Files (x86)/Epic Games/4.10/Engine/Binaries/Win64/../../../Engine/Shaders/AtmospherePrecomputeCommon.usf" 344
"C:/Program Files (x86)/Epic Games/4.10/Engine/Binaries/Win64/../../../Engine/Shaders/AtmospherePrecomputeInscatter.usf" 345
"C:/Program Files (x86)/Epic Games/4.10/Engine/Binaries/Win64/../../../Engine/Shaders/AtmosphericFogShader.usf" 346
"C:/Program Files (x86)/Epic Games/4.10/Engine/Binaries/Win64/../../../Engine/Shaders/ResolveVertexShader.usf" 347
"C:/Program Files (x86)/Epic Games/4.10/Engine/Binaries/Win64/../../../Engine/Shaders/ResolvePixelShader.usf" 348
"C:/Program Files (x86)/Epic Games/4.10/Engine/Binaries/Win64/../../../Engine/Shaders/OneColorShader.usf" 349
"C:/Program Files (x86)/Epic Games/4.10/Engine/Binaries/Win64/../../../Engine/Shaders/MediaShaders.usf" 350
"C:/Program Files (x86)/Epic Games/4.10/Engine/Binaries/Win64/../../../Engine/Shaders/ClearReplacementShaders.usf" 351
"C:/Program Files (x86)/Epic Games/4.10/Engine/Binaries/Win64/../../../Engine/Shaders/SimpleElementTexture2DPreviewPixelShader.usf" 352
"C:/Program Files (x86)/Epic Games/4.10/Engine/Binaries/Win64/../../../Engine/Shaders/SimpleElementNormalMapPixelShader.usf" 353
"C:/Program Files (x86)/Epic Games/4.10/Engine/Binaries/Win64/../../../Engine/Shaders/meshpaintdilatepixelshader.usf" 354
"C:/Program Files (x86)/Epic Games/4.10/Engine/Binaries/Win64/../../../Engine/Shaders/meshpaintdilatevertexshader.usf" 355
"C:/Program Files (x86)/Epic Games/4.10/Engine/Binaries/Win64/../../../Engine/Shaders/MeshPaintPixelShader.usf" 356
"C:/Program Files (x86)/Epic Games/4.10/Engine/Binaries/Win64/../../../Engine/Shaders/MeshPaintVertexShader.usf" 357
"../../../Engine/Config/Android/AndroidEngine.ini" 358
"../../../Engine/Config/IOS/IOSEngine.ini" 359
"../../../Engine/Config/Linux/LinuxEngine.ini" 360
"C:/Users/Nicolas/AppData/Local/UnrealEngine/4.10/DerivedDataCache/Boot.ddc" 361
"../../../Engine/DerivedDataCache/Compressed.ddp" 362
"../../../Engine/Content/EngineFonts/Roboto.uasset" 363
"../../../Engine/Content/EngineMaterials/Widget3DPassThrough_Translucent.uasset" 364
"../../../Engine/Content/EngineMaterials/Widget3DPassThrough.uasset" 365
"../../../Engine/Content/Functions/Engine_MaterialFunctions02/Texturing/ScreenAlignedUVs.uasset" 366
"../../../Engine/Content/EngineResources/WhiteSquareTexture.uasset" 367
"../../../Engine/Content/Functions/Engine_MaterialFunctions01/Shading/PowerToRoughness.uasset" 368
"../../../Engine/Content/Functions/Engine_MaterialFunctions01/Shading/ConvertFromDiffSpec.uasset" 369
"../../../Engine/Content/EngineMaterials/WorldGridMaterial.uasset" 370
"../../../Engine/Content/Functions/Engine_MaterialFunctions01/Opacity/CameraDepthFade.uasset" 371
"../../../Engine/Content/EngineMaterials/T_Default_Material_Grid_M.uasset" 372
"../../../Engine/Content/EngineMaterials/T_Default_Material_Grid_N.uasset" 373
"../../../Engine/Content/EngineMaterials/DefaultDeferredDecalMaterial.uasset" 374
"../../../Engine/Content/EngineMaterials/DefaultDiffuse.uasset" 375
"../../../Engine/Content/EngineMaterials/DefaultLightFunctionMaterial.uasset" 376
"../../../Engine/Content/EngineMaterials/DefaultPostProcessMaterial.uasset" 377
"../../../Engine/Content/Functions/Engine_MaterialFunctions02/Utility/BreakOutFloat2Components.uasset" 378
"../../../Engine/Content/EngineResources/DefaultTexture.uasset" 379
"C:/Users/Nicolas/AppData/Local/Temp/UnrealShaderWorkingDir/337C10664CFC94597FAE5AB3C5BEDF1B/0/WorkerOutputOnly.out" 380
"C:/Users/Nicolas/AppData/Local/Temp/UnrealShaderWorkingDir/337C10664CFC94597FAE5AB3C5BEDF1B/1/WorkerOutputOnly.out" 381
"C:/Users/Nicolas/AppData/Local/Temp/UnrealShaderWorkingDir/337C10664CFC94597FAE5AB3C5BEDF1B/4/WorkerOutputOnly.out" 382
"C:/Users/Nicolas/AppData/Local/Temp/UnrealShaderWorkingDir/337C10664CFC94597FAE5AB3C5BEDF1B/2/WorkerOutputOnly.out" 383
"C:/Users/Nicolas/AppData/Local/Temp/UnrealShaderWorkingDir/337C10664CFC94597FAE5AB3C5BEDF1B/3/WorkerOutputOnly.out" 384
"../../../Engine/Content/EngineMaterials/Widget3DPassThrough_Translucent_OneSided.uasset" 385
"../../../Engine/Content/EngineMaterials/Widget3DPassThrough_Opaque.uasset" 386
"../../../Engine/Content/EngineMaterials/Widget3DPassThrough_Opaque_OneSided.uasset" 387
"../../../Engine/Content/EngineMaterials/Widget3DPassThrough_Masked.uasset" 388
"../../../Engine/Content/EngineMaterials/Widget3DPassThrough_Masked_OneSided.uasset" 389
"../../../Engine/Content/EditorResources/S_Actor.uasset" 390
"C:/Users/Nicolas/Documents/Unreal Projects/SideScroller/Saved/Config/Windows/TemplateDefs.ini" 391
"../../../../../../Users/Nicolas/Documents/Unreal Projects/SideScroller/Intermediate/Config/CoalescedSourceConfigs/TemplateDefs.ini" 392
"C:/Users/Nicolas/Documents/Unreal Projects/SideScroller/Saved/Config/Windows/GameplayTags.ini" 393
"../../../../../../Users/Nicolas/Documents/Unreal Projects/SideScroller/Intermediate/Config/CoalescedSourceConfigs/GameplayTags.ini" 394
"../../../Engine/Content/Maps/Templates/Thumbnails/Default.uasset" 395
"../../../Engine/Content/EditorMaterials/ParticleSystems/PSysThumbnail_NoImage.uasset" 396
"../../../Engine/Content/EditorMaterials/ParticleSystems/PSysThumbnail_OOD.uasset" 397
"../../../Engine/Content/EditorLandscapeResources/DataLayer.uasset" 398
"../../../Engine/Content/EngineDamageTypes/DmgTypeBP_Environmental.uasset" 399
"..\..\..\Engine\Content\Internationalization\icudt53l\numberingSystems.res" 400
"..\..\..\Engine\Content\Internationalization\icudt53l\curr\supplementalData.res" 401
"..\..\..\Engine\Content\Internationalization\icudt53l\curr\pool.res" 402
"..\..\..\Engine\Content\Internationalization\icudt53l\curr\en.res" 403
"..\..\..\Engine\Content\Internationalization\icudt53l\curr\root.res" 404
"../../../Engine/Content/EngineMeshes/Sphere.uasset" 405
"../../../Engine/Content/EngineFonts/RobotoDistanceField.uasset" 406
"../../../Engine/Content/EngineMaterials/DefaultTextMaterialOpaque.uasset" 407
"../../../Engine/Content/EditorResources/S_Trigger.uasset" 408
"../../../Engine/Content/EngineResources/GradientTexture0.uasset" 409
"../../../Engine/Content/EngineResources/Black.uasset" 410
"../../../Engine/Content/EditorMaterials/MatineeGroups/MAT_Groups_Float.uasset" 411
"../../../Engine/Content/EditorMaterials/MatineeGroups/MAT_Groups_Director.uasset" 412
"../../../Engine/Content/EditorMaterials/MatineeGroups/MAT_Groups_Event.uasset" 413
"../../../Engine/Content/EditorMaterials/MatineeGroups/MAT_Groups_Anim.uasset" 414
"../../../Engine/Content/EditorMaterials/MatineeGroups/MAT_Groups_Fade.uasset" 415
"../../../Engine/Content/EditorMaterials/MatineeGroups/MAT_Groups_Move.uasset" 416
"../../../Engine/Content/EditorMaterials/MatineeGroups/MAT_Groups_Slomo.uasset" 417
"../../../Engine/Content/EditorMaterials/MatineeGroups/MAT_ColorTrack.uasset" 418
"../../../Engine/Content/EditorMaterials/MAT_Groups_Toggle.uasset" 419
"../../../Engine/Content/EditorMaterials/MatineeGroups/MAT_Groups_AudioMaster.uasset" 420
"../../../Engine/Content/EditorMaterials/MatineeGroups/MAT_Groups_Sound.uasset" 421
"../../../Engine/Content/EditorMaterials/MatineeGroups/MAT_Groups_Vector.uasset" 422
"../../../Engine/Content/EditorMaterials/MAT_Groups_Visibility.uasset" 423
"../../../Engine/Content/EngineResources/DefaultTextureCube.uasset" 424
"../../../Engine/Content/EngineSounds/Master.uasset" 425
"../../../Engine/Content/EngineSounds/Music.uasset" 426
"../../../Engine/Content/EngineSounds/SFX.uasset" 427
"../../../Engine/Content/EngineSounds/Normal_Attack.uasset" 428
"../../../Engine/Content/EngineSounds/Special_Attack_PSM.uasset" 429
"../../../Engine/Content/EngineSounds/Duck_Normal_Attack_MixMod.uasset" 430
"../../../Engine/Content/EngineSounds/Voice.uasset" 431
"../../../Engine/Content/EngineMeshes/Cylinder.uasset" 432
"../../../Engine/Content/EngineMaterials/DefaultMaterial.uasset" 433
"../../../Engine/Content/EngineTireTypes/DefaultTireType.uasset" 434
"../../../Engine/Content/Editor/Slate/Fonts/FontAwesome.ttf" 435
"../../../Engine/Content/Editor/Slate/Fonts/DroidSansMono.ttf" 436
"../../../Engine/Content/Editor/Slate/Fonts/Roboto-BoldCondensed.ttf" 437
"../../../Engine/Content/Editor/Slate/Fonts/Roboto-Black.ttf" 438
"../../../Engine/Content/Editor/Slate/Fonts/Roboto-Italic.ttf" 439
"../../../Engine/Content/Editor/Slate/Fonts/Roboto-BoldCondensedItalic.ttf" 440
"..\..\..\Engine\Content\Internationalization\icudt53l\coll\ucadata.icu" 441
"..\..\..\Engine\Content\Internationalization\icudt53l\nfc.nrm" 442
"..\..\..\Engine\Content\Internationalization\icudt53l\coll\en.res" 443
"..\..\..\Engine\Content\Internationalization\icudt53l\coll\root.res" 444
"../../../Engine/Content/EngineResources/AICON-Red.uasset" 445
"../../../Engine/Content/EngineResources/AICON-Green.uasset" 446
"../../../Engine/Content/Tutorial/Basics/LevelEditorOverview.uasset" 447
"../../../Engine/Content/Tutorial/Basics/TutorialAssets/icon_tab_Levels_40x.uasset" 448
"../../../Engine/Content/Tutorial/Paper2D/SpriteEditorTutorial.uasset" 449
"../../../Engine/Content/Tutorial/Paper2D/TutorialAssets/Paper2DSprite_TutorialIcon.uasset" 450
"../../../Engine/Content/Tutorial/BlueprintTutorials/BlueprintEditorTutorial.uasset" 451
"../../../Engine/Content/Tutorial/BlueprintTutorials/TutorialAssets/Blueprint_64x.uasset" 452
"../../../Engine/Content/Tutorial/Basics/LevelEditorAttract.uasset" 453
"../../../Engine/Content/Tutorial/Code/AddingCode.uasset" 454
"../../../Engine/Content/Tutorial/Paper2D/FlipbookEditorTutorial.uasset" 455
"../../../Engine/Content/Tutorial/Paper2D/TutorialAssets/Paper2DFlipbook_TutorialIcon.uasset" 456
"../../../Engine/Content/Tutorial/Basics/ContentBrowserOverview.uasset" 457
"../../../Engine/Content/Tutorial/SubEditors/PersonaAnimBlueprintEditorWalkthrough.uasset" 458
"../../../Engine/Content/Tutorial/SubEditors/TutorialAssets/icon_ShowSkeletalMeshes_40x.uasset" 459
"../../../Engine/Content/Tutorial/SubEditors/MaterialEditorTutorial.uasset" 460
"../../../Engine/Content/Tutorial/BlueprintTutorials/ClassBlueprintsEditorOverview.uasset" 461
"../../../Engine/Content/Tutorial/BlueprintTutorials/LevelBlueprintEditorOverview.uasset" 462
"../../../Engine/Content/Tutorial/SubEditors/ParticleSystemEditorTutorial.uasset" 463
"../../../Engine/Content/Tutorial/ContentIntroCurve.uasset" 464
"../../../Engine/Plugins/2D/Paper2D/Content/MaskedUnlitSpriteMaterial.uasset" 465
"../../../Engine/Plugins/2D/Paper2D/Content/DefaultSpriteMaterial.uasset" 466
"../../../Engine/Plugins/2D/Paper2D/Content/PlaceholderTextures/DummySpriteTexture.uasset" 467
"../../../Engine/Plugins/2D/Paper2D/Content/OpaqueUnlitSpriteMaterial.uasset" 468
"../../../Engine/Plugins/2D/Paper2D/Content/DefaultPaperTerrainMaterial.uasset" 469
"../../../Engine/Plugins/2D/Paper2D/Content/DummySprite.uasset" 470
"../../../Engine/Plugins/2D/Paper2D/Content/DummySpriteTexture.uasset" 471
"C:/Users/Nicolas/AppData/Local/UnrealEngine/4.10/Saved/Config/Windows/SourceControlSettings.ini" 472
"../../../../../../Users/Nicolas/Documents/Unreal Projects/SideScroller/Intermediate/Config/CoalescedSourceConfigs/SourceControlSettings.ini" 473
"C:/Users/Nicolas/Documents/Unreal Projects/SideScroller/Saved/Config/Windows/SourceControlSettings.ini" 474
"../../../Engine/Plugins/Runtime/LeapMotionController/Content/LM_CapsuleMesh.uasset" 475
"../../../Engine/Plugins/Runtime/LeapMotionController/Content/LM_TorusMesh.uasset" 476
"../../../Engine/Plugins/Runtime/LeapMotionController/Content/LM_HandColor.uasset" 477
"../../../Engine/Plugins/Runtime/LeapMotionController/Content/LM_PassthroughMaterial.uasset" 478
"../../../Engine/Plugins/Runtime/LeapMotionController/Content/LM_SampleDistortion.uasset" 479
"../../../Engine/Plugins/Runtime/LeapMotionController/Content/LM_TestTexture.uasset" 480
"../../../Engine/Content/BasicShapes/Cube.uasset" 481
"../../../Engine/Content/EngineMaterials/RemoveSurfaceMaterial.uasset" 482
"../../../Engine/Content/EngineDebugMaterials/DebugMeshMaterial.uasset" 483
"../../../Engine/Content/EngineMaterials/M_InvalidLightmapSettings.uasset" 484
"../../../Engine/Content/EngineMaterials/InvalidLightmapSettings.uasset" 485
"../../../Engine/Content/EditorMaterials/GizmoMaterial.uasset" 486
"../../../Engine/Content/EngineMaterials/Good64x64TilingNoiseHighFreq.uasset" 487
"../../../Engine/Content/EngineMaterials/DefaultBokeh.uasset" 488
"../../../Engine/Content/EngineMaterials/PreintegratedSkinBRDF.uasset" 489
"../../../Engine/Content/EngineMaterials/MiniFont.uasset" 490
"../../../Engine/Content/EngineMaterials/WeightMapPlaceholderTexture.uasset" 491
"../../../Engine/Content/EngineMaterials/DefaultWhiteGrid.uasset" 492
"../../../Engine/Content/EngineMaterials/DefaultPhysicalMaterial.uasset" 493
"../../../Engine/Content/EngineFonts/RobotoTiny.uasset" 494
"../../../../../../Users/Nicolas/Documents/Unreal Projects/SideScroller/Intermediate/CachedAssetRegistry.bin" 495
"../../../../../../Users/Nicolas/Documents/Unreal Projects/SideScroller/Saved/Autosaves/Game/2DSideScroller/Sprites/KennenCrossingArmsAnimation_Auto1.uasset" 496
"../../../../../../Users/Nicolas/Documents/Unreal Projects/SideScroller/Saved/Autosaves/Game/2DSideScroller/Sprites/KennenIdleAnimation_Auto2.uasset" 497
"../../../../../../Users/Nicolas/Documents/Unreal Projects/SideScroller/Saved/Autosaves/Game/2DSideScroller/Sprites/KennenRunAnimation_Auto2.uasset" 498
"../../../../../../Users/Nicolas/Documents/Unreal Projects/SideScroller/Saved/Autosaves/Game/2DSideScroller/Sprites/KennenStandardAttackAnimation_Auto1.uasset" 499
"../../../../../../Users/Nicolas/Documents/Unreal Projects/SideScroller/Saved/Autosaves/Game/2DSideScroller/Sprites/KennenStandingAnimation_Auto1.uasset" 500
"../../../../../../Users/Nicolas/Documents/Unreal Projects/SideScroller/Saved/Autosaves/Game/2DSideScroller/Sprites/Platform_Auto1.uasset" 501
"../../../../../../Users/Nicolas/Documents/Unreal Projects/SideScroller/Saved/Autosaves/Game/2DSideScroller/Sprites/Platform_Auto4.uasset" 502
"../../../../../../Users/Nicolas/Documents/Unreal Projects/SideScroller/Saved/Autosaves/Game/2DSideScroller/Sprites/KennenIdleFrames/1_Auto1.uasset" 503
"../../../../../../Users/Nicolas/Documents/Unreal Projects/SideScroller/Saved/Autosaves/Game/2DSideScroller/Sprites/KennenIdleFrames/1_Auto2.uasset" 504
"../../../../../../Users/Nicolas/Documents/Unreal Projects/SideScroller/Saved/Autosaves/Game/2DSideScroller/Sprites/KennenIdleFrames/KennenIdleCycle2_Auto2.uasset" 505
"../../../../../../Users/Nicolas/Documents/Unreal Projects/SideScroller/Saved/Autosaves/Game/2DSideScroller/Sprites/KennenIdleFrames/KennenIdleCycle3_Auto2.uasset" 506
"../../../../../../Users/Nicolas/Documents/Unreal Projects/SideScroller/Saved/Autosaves/Game/2DSideScroller/Sprites/KennenIdleFrames/KennenIdleCycle4_Auto2.uasset" 507
"../../../../../../Users/Nicolas/Documents/Unreal Projects/SideScroller/Saved/Autosaves/Game/2DSideScroller/Sprites/KennenIdleFrames/KennenIdleCycle5_Auto2.uasset" 508
"../../../../../../Users/Nicolas/Documents/Unreal Projects/SideScroller/Saved/Autosaves/Game/2DSideScroller/Sprites/KennenIdleFrames/KennenIdleCycle6_Auto2.uasset" 509
"../../../../../../Users/Nicolas/Documents/Unreal Projects/SideScroller/Saved/Autosaves/Game/2DSideScroller/Sprites/KennenIdleFrames/KennenIdleCycle7_Auto2.uasset" 510
"../../../../../../Users/Nicolas/Documents/Unreal Projects/SideScroller/Saved/Autosaves/Game/2DSideScroller/Sprites/KennenRunFrames/KennenRunCycle10_Auto2.uasset" 511
"../../../../../../Users/Nicolas/Documents/Unreal Projects/SideScroller/Saved/Autosaves/Game/2DSideScroller/Sprites/KennenRunFrames/KennenRunCycle11_Auto2.uasset" 512
"../../../../../../Users/Nicolas/Documents/Unreal Projects/SideScroller/Saved/Autosaves/Game/2DSideScroller/Sprites/KennenRunFrames/KennenRunCycle12_Auto2.uasset" 513
"../../../../../../Users/Nicolas/Documents/Unreal Projects/SideScroller/Saved/Autosaves/Game/2DSideScroller/Sprites/KennenRunFrames/KennenRunCycle1_Auto2.uasset" 514
"../../../../../../Users/Nicolas/Documents/Unreal Projects/SideScroller/Saved/Autosaves/Game/2DSideScroller/Sprites/KennenRunFrames/KennenRunCycle2_Auto2.uasset" 515
"../../../../../../Users/Nicolas/Documents/Unreal Projects/SideScroller/Saved/Autosaves/Game/2DSideScroller/Sprites/KennenRunFrames/KennenRunCycle3_Auto2.uasset" 516
"../../../../../../Users/Nicolas/Documents/Unreal Projects/SideScroller/Saved/Autosaves/Game/2DSideScroller/Sprites/KennenRunFrames/KennenRunCycle4_Auto2.uasset" 517
"../../../../../../Users/Nicolas/Documents/Unreal Projects/SideScroller/Saved/Autosaves/Game/2DSideScroller/Sprites/KennenRunFrames/KennenRunCycle5_Auto2.uasset" 518
"../../../../../../Users/Nicolas/Documents/Unreal Projects/SideScroller/Saved/Autosaves/Game/2DSideScroller/Sprites/KennenRunFrames/KennenRunCycle6_Auto2.uasset" 519
"../../../../../../Users/Nicolas/Documents/Unreal Projects/SideScroller/Saved/Autosaves/Game/2DSideScroller/Sprites/KennenRunFrames/KennenRunCycle7_Auto2.uasset" 520
"../../../../../../Users/Nicolas/Documents/Unreal Projects/SideScroller/Saved/Autosaves/Game/2DSideScroller/Sprites/KennenRunFrames/KennenRunCycle8_Auto2.uasset" 521
"../../../../../../Users/Nicolas/Documents/Unreal Projects/SideScroller/Saved/Autosaves/Game/2DSideScroller/Sprites/KennenRunFrames/KennenRunCycle9_Auto2.uasset" 522
"../../../../../../Users/Nicolas/Documents/Unreal Projects/SideScroller/Saved/Autosaves/Game/2DSideScroller/Textures/kennen_Auto1.uasset" 523
"../../../../../../Users/Nicolas/Documents/Unreal Projects/SideScroller/Saved/Autosaves/Game/2DSideScrollerBP/Blueprints/2DSideScrollerCharacter_Auto1.uasset" 524
"../../../../../../Users/Nicolas/Documents/Unreal Projects/SideScroller/Saved/Autosaves/Game/2DSideScrollerBP/Blueprints/2DSideScrollerCharacter_Auto2.uasset" 525
"../../../../../../Users/Nicolas/Documents/Unreal Projects/SideScroller/Saved/Autosaves/Game/2DSideScrollerBP/Blueprints/2DSideScrollerCharacter_Auto3.uasset" 526
"../../../../../../Users/Nicolas/Documents/Unreal Projects/SideScroller/Saved/Autosaves/Game/2DSideScrollerBP/Blueprints/2DSideScrollerCharacter_Auto4.uasset" 527
"../../../../../../Users/Nicolas/Documents/Unreal Projects/SideScroller/Saved/Autosaves/Game/2DSideScrollerBP/Blueprints/ParallaxPaperSpriteActor_Auto1.uasset" 528
"../../../../../../Users/Nicolas/Documents/Unreal Projects/SideScroller/Saved/Autosaves/Game/2DSideScrollerBP/Blueprints/ParallaxPaperSpriteActor_Auto2.uasset" 529
"../../../../../../Users/Nicolas/Documents/Unreal Projects/SideScroller/Saved/Autosaves/Game/2DSideScrollerBP/Maps/2DSideScrollerExampleMap_Auto1.umap" 530
"../../../../../../Users/Nicolas/Documents/Unreal Projects/SideScroller/Saved/Autosaves/Game/2DSideScrollerBP/Maps/2DSideScrollerExampleMap_Auto2.umap" 531
"../../../../../../Users/Nicolas/Documents/Unreal Projects/SideScroller/Saved/Autosaves/Game/2DSideScrollerBP/Maps/2DSideScrollerExampleMap_Auto3.umap" 532
"../../../../../../Users/Nicolas/Documents/Unreal Projects/SideScroller/Saved/Autosaves/Game/2DSideScrollerBP/Maps/2DSideScrollerExampleMap_Auto4.umap" 533
"../../../../../../Users/Nicolas/Documents/Unreal Projects/SideScroller/Saved/Autosaves/Game/2DSideScrollerBP/Maps/2DSideScrollerExampleMap_Auto5.umap" 534
"../../../../../../Users/Nicolas/Documents/Unreal Projects/SideScroller/Saved/Autosaves/Game/2DSideScrollerBP/Maps/PlagueJungles_Auto1.umap" 535
"../../../../../../Users/Nicolas/Documents/Unreal Projects/SideScroller/Saved/Autosaves/Game/2DSideScrollerBP/Maps/UEDPC2DSideScrollerExampleMap.umap" 536
"C:/Users/Nicolas/Documents/Unreal Projects/SideScroller/Saved/Cooked/HTML5/SideScroller/CookedIniVersion.txt" 537
"../../../Engine/Config/HTML5/HTML5Engine.ini" 538
"../../../Engine/Content/MobileResources/HUD/VirtualJoystick_Thumb.uasset" 539
"../../../../../../Users/Nicolas/Documents/Unreal Projects/SideScroller/Content/2DSideScrollerBP/Blueprints/2DSideScrollerGameMode.uasset" 540
"../../../../../../Users/Nicolas/Documents/Unreal Projects/SideScroller/Content/2DSideScrollerBP/Blueprints/Kennen.uasset" 541
"../../../Engine/Content/EditorBlueprintResources/StandardMacros.uasset" 542
"../../../../../../Users/Nicolas/Documents/Unreal Projects/SideScroller/Content/2DSideScroller/Sprites/KennenFallAnimation.uasset" 543
"../../../../../../Users/Nicolas/Documents/Unreal Projects/SideScroller/Content/2DSideScroller/Sprites/KennenJumpFrames/KennenJumpCycle2.uasset" 544
"../../../../../../Users/Nicolas/Documents/Unreal Projects/SideScroller/Content/2DSideScroller/Textures/kennen.uasset" 545
"../../../../../../Users/Nicolas/Documents/Unreal Projects/SideScroller/Content/2DSideScroller/Sprites/KennenJumpFrames/KennenJumpCycle3.uasset" 546
"../../../../../../Users/Nicolas/Documents/Unreal Projects/SideScroller/Content/2DSideScroller/Sprites/KennenIdleAnimation.uasset" 547
"../../../../../../Users/Nicolas/Documents/Unreal Projects/SideScroller/Content/2DSideScroller/Sprites/KennenIdleFrames/KennenIdleCycle1.uasset" 548
"../../../../../../Users/Nicolas/Documents/Unreal Projects/SideScroller/Content/2DSideScroller/Sprites/KennenIdleFrames/KennenIdleCycle2.uasset" 549
"../../../../../../Users/Nicolas/Documents/Unreal Projects/SideScroller/Content/2DSideScroller/Sprites/KennenIdleFrames/KennenIdleCycle3.uasset" 550
"../../../../../../Users/Nicolas/Documents/Unreal Projects/SideScroller/Content/2DSideScroller/Sprites/KennenIdleFrames/KennenIdleCycle4.uasset" 551
"../../../../../../Users/Nicolas/Documents/Unreal Projects/SideScroller/Content/2DSideScroller/Sprites/KennenIdleFrames/KennenIdleCycle5.uasset" 552
"../../../../../../Users/Nicolas/Documents/Unreal Projects/SideScroller/Content/2DSideScroller/Sprites/KennenIdleFrames/KennenIdleCycle6.uasset" 553
"../../../../../../Users/Nicolas/Documents/Unreal Projects/SideScroller/Content/2DSideScroller/Sprites/KennenIdleFrames/KennenIdleCycle7.uasset" 554
"../../../../../../Users/Nicolas/Documents/Unreal Projects/SideScroller/Content/2DSideScroller/Sprites/KennenJumpAnimation.uasset" 555
"../../../../../../Users/Nicolas/Documents/Unreal Projects/SideScroller/Content/2DSideScroller/Sprites/KennenJumpFrames/KennenJumpCycle1.uasset" 556
"../../../../../../Users/Nicolas/Documents/Unreal Projects/SideScroller/Content/2DSideScroller/Sprites/KennenRunAnimation.uasset" 557
"../../../../../../Users/Nicolas/Documents/Unreal Projects/SideScroller/Content/2DSideScroller/Sprites/KennenRunFrames/KennenRunCycle1.uasset" 558
"../../../../../../Users/Nicolas/Documents/Unreal Projects/SideScroller/Content/2DSideScroller/Sprites/KennenRunFrames/KennenRunCycle10.uasset" 559
"../../../../../../Users/Nicolas/Documents/Unreal Projects/SideScroller/Content/2DSideScroller/Sprites/KennenRunFrames/KennenRunCycle11.uasset" 560
"../../../../../../Users/Nicolas/Documents/Unreal Projects/SideScroller/Content/2DSideScroller/Sprites/KennenRunFrames/KennenRunCycle12.uasset" 561
"../../../../../../Users/Nicolas/Documents/Unreal Projects/SideScroller/Content/2DSideScroller/Sprites/KennenRunFrames/KennenRunCycle2.uasset" 562
"../../../../../../Users/Nicolas/Documents/Unreal Projects/SideScroller/Content/2DSideScroller/Sprites/KennenRunFrames/KennenRunCycle3.uasset" 563
"../../../../../../Users/Nicolas/Documents/Unreal Projects/SideScroller/Content/2DSideScroller/Sprites/KennenRunFrames/KennenRunCycle4.uasset" 564
"../../../../../../Users/Nicolas/Documents/Unreal Projects/SideScroller/Content/2DSideScroller/Sprites/KennenRunFrames/KennenRunCycle5.uasset" 565
"../../../../../../Users/Nicolas/Documents/Unreal Projects/SideScroller/Content/2DSideScroller/Sprites/KennenRunFrames/KennenRunCycle6.uasset" 566
"../../../../../../Users/Nicolas/Documents/Unreal Projects/SideScroller/Content/2DSideScroller/Sprites/KennenRunFrames/KennenRunCycle7.uasset" 567
"../../../../../../Users/Nicolas/Documents/Unreal Projects/SideScroller/Content/2DSideScroller/Sprites/KennenRunFrames/KennenRunCycle8.uasset" 568
"../../../../../../Users/Nicolas/Documents/Unreal Projects/SideScroller/Content/2DSideScroller/Sprites/KennenRunFrames/KennenRunCycle9.uasset" 569
"../../../../../../Users/Nicolas/Documents/Unreal Projects/SideScroller/Content/2DSideScroller/Sprites/KennenStandardAttackAnimation.uasset" 570
"../../../../../../Users/Nicolas/Documents/Unreal Projects/SideScroller/Content/2DSideScroller/Sprites/KennenStandardAttackFrames/KennenStandardAttackCycle1.uasset" 571
"../../../../../../Users/Nicolas/Documents/Unreal Projects/SideScroller/Content/2DSideScroller/Sprites/KennenStandardAttackFrames/KennenStandardAttackCycle2.uasset" 572
"../../../../../../Users/Nicolas/Documents/Unreal Projects/SideScroller/Content/2DSideScroller/Sprites/KennenStandardAttackFrames/KennenStandardAttackCycle3.uasset" 573
"../../../../../../Users/Nicolas/Documents/Unreal Projects/SideScroller/Content/2DSideScroller/Sprites/KennenStandardAttackFrames/KennenStandardAttackCycle4.uasset" 574
"../../../../../../Users/Nicolas/Documents/Unreal Projects/SideScroller/Content/2DSideScroller/Sprites/KennenStandardAttackFrames/KennenStandardAttackCycle5.uasset" 575
"../../../../../../Users/Nicolas/Documents/Unreal Projects/SideScroller/Content/2DSideScroller/Sprites/KennenStandardAttackFrames/KennenStandardAttackCycle6.uasset" 576
"../../../../../../Users/Nicolas/Documents/Unreal Projects/SideScroller/Content/2DSideScroller/Sprites/KennenStandardAttackFrames/KennenStandardAttackCycle7.uasset" 577
"../../../../../../Users/Nicolas/Documents/Unreal Projects/SideScroller/Content/2DSideScroller/Sprites/KennenStandardAttackFrames/KennenStandardAttackCycle8.uasset" 578
"../../../Engine/Content/EditorResources/BSPVertex.uasset" 579
"../../../Engine/Content/EngineDebugMaterials/GeomMaterial.uasset" 580
"../../../Engine/Content/EngineDebugMaterials/BoneWeightMaterial.uasset" 581
"../../../Engine/Content/EngineDebugMaterials/HeatmapGradient.uasset" 582
"../../../Engine/Content/EditorMaterials/PhAT_JointLimitMaterial.uasset" 583
"../../../Engine/Content/EditorMaterials/PreviewShadowIndicatorMaterial.uasset" 584
"../../../Engine/Content/EditorMaterials/PreviewShadowIndicator.uasset" 585
"../../../Engine/Content/EngineMaterials/EditorBrushMaterial.uasset" 586
"../../../Engine/Content/EditorMeshes/ColorCalibrator/SM_ColorCalibrator.uasset" 587
"../../../Engine/Content/EditorMeshes/ColorCalibrator/M_ChromeBall.uasset" 588
"../../../Engine/Content/EditorMeshes/ColorCalibrator/M_ClearCoat.uasset" 589
"../../../Engine/Content/EditorMeshes/ColorCalibrator/M_ClearCoatBlack.uasset" 590
"../../../Engine/Content/EditorMeshes/ColorCalibrator/M_ColorGrid.uasset" 591
"../../../Engine/Content/EditorMeshes/ColorCalibrator/T_ColorGrid.uasset" 592
"../../../Engine/Content/EditorMeshes/ColorCalibrator/M_GreyBall.uasset" 593
"../../../Engine/Content/MobileResources/HUD/LeftVirtualJoystickOnly.uasset" 594
"../../../Engine/Content/MobileResources/HUD/VirtualJoystick_Background.uasset" 595
"../../../Engine/Content/Tutorial/SubEditors/TutorialAssets/icon_Editor_Preferences_General_40x.uasset" 596
"../../../Engine/Content/Tutorial/Landscape/TutorialAssets/Landscape.uasset" 597
"../../../Engine/Content/Tutorial/Foliage/TutorialAssets/Foliage.uasset" 598
"../../../Engine/Content/Tutorial/SubEditors/StaticMeshEditorTutorial.uasset" 599
"../../../Engine/Content/EngineMeshes/Cube.uasset" 600
"../../../Engine/Content/Tutorial/BlueprintTutorials/BlueprintMacroLibrariesEditorOverview.uasset" 601
"../../../Engine/Content/Tutorial/BlueprintTutorials/TutorialAssets/BlueprintMacroLibrary_64x.uasset" 602
"../../../Engine/Content/Tutorial/BlueprintTutorials/TutorialAssets/Tutorial_BP_MacroLib.uasset" 603
"../../../Engine/Content/Tutorial/BlueprintTutorials/BlueprintInterfacesEditorOverview.uasset" 604
"../../../Engine/Content/Tutorial/BlueprintTutorials/TutorialAssets/BlueprintInterface_64x.uasset" 605
"../../../Engine/Content/Tutorial/BlueprintTutorials/TutorialAssets/Tutorial_BP_Interface.uasset" 606
"../../../Engine/Content/Tutorial/SubEditors/DestructibleMeshEditorTutorial.uasset" 607
"../../../Engine/Content/Tutorial/SubEditors/TutorialAssets/Tutorial_DM.uasset" 608
"../../../Engine/Content/EditorMeshes/EditorCube.uasset" 609
"../../../Engine/Content/Tutorial/SubEditors/PersonaAnimEditorWalkThrough.uasset" 610
"../../../Engine/Content/Tutorial/SubEditors/TutorialAssets/Character/NewBlendSpace1D.uasset" 611
"../../../Engine/Content/Tutorial/SubEditors/TutorialAssets/Character/Tutorial_Idle.uasset" 612
"../../../Engine/Content/Tutorial/SubEditors/TutorialAssets/Character/TutorialTPP_Skeleton.uasset" 613
"../../../Engine/Content/Tutorial/SubEditors/TutorialAssets/Character/Tutorial_Walk_Fwd.uasset" 614
"../../../Engine/Content/Tutorial/SubEditors/TutorialAssets/Character/TutorialTPP.uasset" 615
"../../../Engine/Content/Tutorial/SubEditors/TutorialAssets/Character/TutorialTPP_Mat.uasset" 616
"../../../Engine/Content/Tutorial/SubEditors/TutorialAssets/Character/TutorialTPP_PhysicsAsset.uasset" 617
"../../../Engine/Content/Tutorial/Landscape/Landscape_Manage_Mode.uasset" 618
"../../../Engine/Content/Tutorial/Landscape/Landscape_Sculpt_Mode.uasset" 619
"../../../Engine/Content/Tutorial/Landscape/Landscape_Painting_Mode.uasset" 620
"../../../Engine/Content/Tutorial/Foliage/Foliage_Intro_Tutorial.uasset" 621
"../../../Engine/Content/Tutorial/Foliage/Foliage_Using_The_Tool_Tutorial.uasset" 622
"../../../Engine/Content/Tutorial/Foliage/Foliage_Settings_Tutorial.uasset" 623
"../../../Engine/Content/Tutorial/SubEditors/TutorialAssets/Character/TutorialTPP_AnimBlueprint.uasset" 624
"../../../Engine/Content/Tutorial/SubEditors/TutorialAssets/Character/TutorialCharacter.uasset" 625
"../../../Engine/Content/Tutorial/SubEditors/TutorialAssets/TutorialMaterial.uasset" 626
"../../../Engine/Content/Tutorial/BlueprintTutorials/TutorialAssets/Tutorial_BP_Class.uasset" 627
"../../../Engine/Content/EditorBlueprintResources/ActorMacros.uasset" 628
"../../../Engine/Content/Tutorial/SubEditors/TutorialAssets/TutorialParticleSystem.uasset" 629
"../../../Engine/Content/Tutorial/SubEditors/TutorialAssets/M_smoke_subUV_blackbody.uasset" 630
"../../../Engine/Content/Tutorial/SubEditors/TutorialAssets/T_SmokeSubUV_8X8.uasset" 631
"../../../Engine/Content/Tutorial/SubEditors/TutorialAssets/T_soft_smoke.uasset" 632
"../../../Engine/Content/MobileResources/HUD/MobileHUDButtonFire.uasset" 633
"../../../../../../Users/Nicolas/Documents/Unreal Projects/SideScroller/Content/2DSideScrollerBP/Maps/PlagueJungles.umap" 634
"../../../../../../Users/Nicolas/Documents/Unreal Projects/SideScroller/Content/2DSideScrollerBP/Blueprints/ParallaxPaperSpriteActor.uasset" 635
"../../../../../../Users/Nicolas/Documents/Unreal Projects/SideScroller/Content/2DSideScrollerBP/Blueprints/RoflCameraActor.uasset" 636
"../../../../../../Users/Nicolas/Documents/Unreal Projects/SideScroller/Content/2DSideScroller/Sprites/Background_Sprite.uasset" 637
"../../../../../../Users/Nicolas/Documents/Unreal Projects/SideScroller/Content/2dSideScroller/Textures/2DBackground.uasset" 638
"../../../../../../Users/Nicolas/Documents/Unreal Projects/SideScroller/Content/2DSideScroller/Sprites/Grass1.uasset" 639
"../../../../../../Users/Nicolas/Documents/Unreal Projects/SideScroller/Content/2DSideScroller/Textures/grass1.uasset" 640
"../../../../../../Users/Nicolas/Documents/Unreal Projects/SideScroller/Content/2DSideScroller/Sprites/Grass2.uasset" 641
"../../../../../../Users/Nicolas/Documents/Unreal Projects/SideScroller/Content/2DSideScroller/Textures/grass2.uasset" 642
"../../../../../../Users/Nicolas/Documents/Unreal Projects/SideScroller/Content/2DSideScroller/Sprites/Grass3.uasset" 643
"../../../../../../Users/Nicolas/Documents/Unreal Projects/SideScroller/Content/2DSideScroller/Textures/grass3.uasset" 644
"../../../../../../Users/Nicolas/Documents/Unreal Projects/SideScroller/Content/2DSideScroller/Sprites/Grass4.uasset" 645
"../../../../../../Users/Nicolas/Documents/Unreal Projects/SideScroller/Content/2DSideScroller/Textures/grass4.uasset" 646
"../../../../../../Users/Nicolas/Documents/Unreal Projects/SideScroller/Content/2DSideScroller/Sprites/Grass5.uasset" 647
"../../../../../../Users/Nicolas/Documents/Unreal Projects/SideScroller/Content/2DSideScroller/Textures/grass5.uasset" 648
"../../../../../../Users/Nicolas/Documents/Unreal Projects/SideScroller/Content/2DSideScroller/Sprites/Grass6.uasset" 649
"../../../../../../Users/Nicolas/Documents/Unreal Projects/SideScroller/Content/2DSideScroller/Textures/grass6.uasset" 650
"../../../../../../Users/Nicolas/Documents/Unreal Projects/SideScroller/Content/2DSideScroller/Sprites/Platform.uasset" 651
"../../../../../../Users/Nicolas/Documents/Unreal Projects/SideScroller/Content/2DSideScroller/Textures/platform.uasset" 652
"C:/Users/Nicolas/AppData/Local/UnrealEngine/Common/DerivedDataCache/2/1/9/PHYSX_1D9C17C451EA4FB88CB7A27536A65DB0_PHYSXPC_C16E08194970F2CB6360FAB779FE5A8D__1_1_13123_0.udd" 653
"C:/Users/Nicolas/AppData/Local/UnrealEngine/Common/DerivedDataCache/4/2/1/PHYSX_1D9C17C451EA4FB88CB7A27536A65DB0_PHYSXPC_C84EFF3D460F2ABD668BD8B63FCE772F__1_0_13123_0.udd" 654
"../../../Engine/Content/Maps/Entry.umap" 655
"../../../Engine/Content/EngineMaterials/DefaultNormal.uasset" 656
"../../../Engine/Content/MobileResources/T_MobileControls_texture.uasset" 657
"../../../Engine/Content/MobileResources/HUD/DefaultVirtualJoysticks.uasset" 658
"../../../Engine/Content/MobileResources/HUD/AnalogHat.uasset" 659
"../../../Engine/Content/MobileResources/HUD/MobileHUDButton1_on.uasset" 660
"../../../Engine/Content/MobileResources/HUD/T_Castle_ThumbstickOutter.uasset" 661
"../../../Engine/Content/MobileResources/HUD/MobileHUDButton3.uasset" 662
"../../../Engine/Content/MobileResources/HUD/MobileHUDButton1_off.uasset" 663
"../../../Engine/Content/MobileResources/HUD/MobileHUDDirectionPad3.uasset" 664
"../../../Engine/Content/MobileResources/T_MobileMenu2.uasset" 665
"../../../Engine/Content/MobileResources/HUD/MobileHUDDirectionPad.uasset" 666
"../../../Engine/Content/MobileResources/HUD/MobileHUDDirectionStick.uasset" 667
"../../../Engine/Content/MobileResources/HUD/T_Castle_ThumbstickInner.uasset" 668
"../../../Engine/Content/MobileResources/HUD/MobileHUDDirectionPad2.uasset" 669
"../../../Engine/Content/MobileResources/HUD/MobileHUDButton2_off.uasset" 670
"../../../Engine/Content/MobileResources/HUD/MobileHUDButton2_on.uasset" 671
"..\..\..\Engine\Content\Internationalization\icudt53l\windowsZones.res" 672
"..\..\..\Engine\Content\Internationalization\icudt53l\zoneinfo64.res" 673
"..\..\..\Engine\Content\Internationalization\icudt53l\keyTypeData.res" 674
"..\..\..\Engine\Content\Internationalization\icudt53l\timezoneTypes.res" 675
"..\..\..\Engine\Content\Internationalization\icudt53l\likelySubtags.res" 676
"..\..\..\Engine\Content\Internationalization\icudt53l\supplementalData.res" 677
